        -:    0:Source:dominion.c
        -:    0:Graph:dominion.gcno
        -:    0:Data:dominion.gcda
        -:    0:Runs:6
        -:    0:Programs:6
        -:    1:#include "dominion.h"
        -:    2:#include "dominion_helpers.h"
        -:    3:#include "rngs.h"
        -:    4:#include <stdio.h>
        -:    5:#include <math.h>
        -:    6:#include <stdlib.h>
        -:    7:
  6485129:    8:int compare(const void* a, const void* b) {
  6485129:    9:  if (*(int*)a > *(int*)b)
  3254553:   10:    return 1;
  3230576:   11:  if (*(int*)a < *(int*)b)
  1482290:   12:    return -1;
  1748286:   13:  return 0;
        -:   14:}
        -:   15:
    #####:   16:struct gameState* newGame() {
    #####:   17:  struct gameState* g = malloc(sizeof(struct gameState));
    #####:   18:  return g;
        -:   19:}
        -:   20:
    #####:   21:int* kingdomCards(int k1, int k2, int k3, int k4, int k5, int k6, int k7,
        -:   22:		  int k8, int k9, int k10) {
    #####:   23:  int* k = malloc(10 * sizeof(int));
    #####:   24:  k[0] = k1;
    #####:   25:  k[1] = k2;
    #####:   26:  k[2] = k3;
    #####:   27:  k[3] = k4;
    #####:   28:  k[4] = k5;
    #####:   29:  k[5] = k6;
    #####:   30:  k[6] = k7;
    #####:   31:  k[7] = k8;
    #####:   32:  k[8] = k9;
    #####:   33:  k[9] = k10;
    #####:   34:  return k;
        -:   35:}
        -:   36:
        4:   37:int initializeGame(int numPlayers, int kingdomCards[10], int randomSeed,
        -:   38:		   struct gameState *state) {
        -:   39:
        -:   40:  int i;
        -:   41:  int j;
        -:   42:  int it;			
        -:   43:  //set up random number generator
        4:   44:  SelectStream(1);
        4:   45:  PutSeed((long)randomSeed);
        -:   46:  
        -:   47:  //check number of players
        4:   48:  if (numPlayers > MAX_PLAYERS || numPlayers < 2)
        -:   49:    {
    #####:   50:      return -1;
        -:   51:    }
        -:   52:
        -:   53:  //set number of players
        4:   54:  state->numPlayers = numPlayers;
        -:   55:
        -:   56:  //check selected kingdom cards are different
       44:   57:  for (i = 0; i < 10; i++)
        -:   58:    {
      440:   59:      for (j = 0; j < 10; j++)
        -:   60:        {
      400:   61:	  if (j != i && kingdomCards[j] == kingdomCards[i])
        -:   62:	    {
    #####:   63:	      return -1;
        -:   64:	    }
        -:   65:        }
        -:   66:    }
        -:   67:
        -:   68:
        -:   69:  //initialize supply
        -:   70:  ///////////////////////////////
        -:   71:
        -:   72:  //set number of Curse cards
        4:   73:  if (numPlayers == 2)
        -:   74:    {
        3:   75:      state->supplyCount[curse] = 10;
        -:   76:    }
        1:   77:  else if (numPlayers == 3)
        -:   78:    {
        1:   79:      state->supplyCount[curse] = 20;
        -:   80:    }
        -:   81:  else
        -:   82:    {
    #####:   83:      state->supplyCount[curse] = 30;
        -:   84:    }
        -:   85:
        -:   86:  //set number of Victory cards
        4:   87:  if (numPlayers == 2)
        -:   88:    {
        3:   89:      state->supplyCount[estate] = 8;
        3:   90:      state->supplyCount[duchy] = 8;
        3:   91:      state->supplyCount[province] = 8;
        -:   92:    }
        -:   93:  else
        -:   94:    {
        1:   95:      state->supplyCount[estate] = 12;
        1:   96:      state->supplyCount[duchy] = 12;
        1:   97:      state->supplyCount[province] = 12;
        -:   98:    }
        -:   99:
        -:  100:  //set number of Treasure cards
        4:  101:  state->supplyCount[copper] = 60 - (7 * numPlayers);
        4:  102:  state->supplyCount[silver] = 40;
        4:  103:  state->supplyCount[gold] = 30;
        -:  104:
        -:  105:  //set number of Kingdom cards
       84:  106:  for (i = adventurer; i <= treasure_map; i++)       	//loop all cards
        -:  107:    {
      660:  108:      for (j = 0; j < 10; j++)           		//loop chosen cards
        -:  109:	{
      620:  110:	  if (kingdomCards[j] == i)
        -:  111:	    {
        -:  112:	      //check if card is a 'Victory' Kingdom card
       40:  113:	      if (kingdomCards[j] == great_hall || kingdomCards[j] == gardens)
        -:  114:		{
       16:  115:		  if (numPlayers == 2){ 
        6:  116:		    state->supplyCount[i] = 8; 
        -:  117:		  }
        2:  118:		  else{ state->supplyCount[i] = 12; }
        -:  119:		}
        -:  120:	      else
        -:  121:		{
       32:  122:		  state->supplyCount[i] = 10;
        -:  123:		}
       40:  124:	      break;
        -:  125:	    }
        -:  126:	  else    //card is not in the set choosen for the game
        -:  127:	    {
      580:  128:	      state->supplyCount[i] = -1;
        -:  129:	    }
        -:  130:	}
        -:  131:
        -:  132:    }
        -:  133:
        -:  134:  ////////////////////////
        -:  135:  //supply intilization complete
        -:  136:
        -:  137:  //set player decks
       13:  138:  for (i = 0; i < numPlayers; i++)
        -:  139:    {
        9:  140:      state->deckCount[i] = 0;
       36:  141:      for (j = 0; j < 3; j++)
        -:  142:	{
       27:  143:	  state->deck[i][j] = estate;
       27:  144:	  state->deckCount[i]++;
        -:  145:	}
       72:  146:      for (j = 3; j < 10; j++)
        -:  147:	{
       63:  148:	  state->deck[i][j] = copper;
       63:  149:	  state->deckCount[i]++;		
        -:  150:	}
        -:  151:    }
        -:  152:
        -:  153:  //shuffle player decks
       13:  154:  for (i = 0; i < numPlayers; i++)
        -:  155:    {
        9:  156:      if ( shuffle(i, state) < 0 )
        -:  157:	{
    #####:  158:	  return -1;
        -:  159:	}
        -:  160:    }
        -:  161:
        -:  162:  //draw player hands
       13:  163:  for (i = 0; i < numPlayers; i++)
        -:  164:    {  
        -:  165:      //initialize hand size to zero
        9:  166:      state->handCount[i] = 0;
        9:  167:      state->discardCount[i] = 0;
        -:  168:      //draw 5 cards
        -:  169:      // for (j = 0; j < 5; j++)
        -:  170:      //	{
        -:  171:      //	  drawCard(i, state);
        -:  172:      //	}
        -:  173:    }
        -:  174:  
        -:  175:  //set embargo tokens to 0 for all supply piles
      112:  176:  for (i = 0; i <= treasure_map; i++)
        -:  177:    {
      108:  178:      state->embargoTokens[i] = 0;
        -:  179:    }
        -:  180:
        -:  181:  //initialize first player's turn
        4:  182:  state->outpostPlayed = 0;
        4:  183:  state->phase = 0;
        4:  184:  state->numActions = 1;
        4:  185:  state->numBuys = 1;
        4:  186:  state->playedCardCount = 0;
        4:  187:  state->whoseTurn = 0;
        4:  188:  state->handCount[state->whoseTurn] = 0;
        -:  189:  //int it; move to top
        -:  190:
        -:  191:  //Moved draw cards to here, only drawing at the start of a turn
       24:  192:  for (it = 0; it < 5; it++){
       20:  193:    drawCard(state->whoseTurn, state);
        -:  194:  }
        -:  195:
        4:  196:  updateCoins(state->whoseTurn, state, 0);
        -:  197:
        4:  198:  return 0;
        -:  199:}
        -:  200:
     9529:  201:int shuffle(int player, struct gameState *state) {
        -:  202: 
        -:  203:
        -:  204:  int newDeck[MAX_DECK];
     9529:  205:  int newDeckPos = 0;
        -:  206:  int card;
        -:  207:  int i;
        -:  208:
     9529:  209:  if (state->deckCount[player] < 1)
     5828:  210:    return -1;
     3701:  211:  qsort ((void*)(state->deck[player]), state->deckCount[player], sizeof(int), compare); 
        -:  212:  /* SORT CARDS IN DECK TO ENSURE DETERMINISM! */
        -:  213:
   937037:  214:  while (state->deckCount[player] > 0) {
   929635:  215:    card = floor(Random() * state->deckCount[player]);
   929635:  216:    newDeck[newDeckPos] = state->deck[player][card];
   929635:  217:    newDeckPos++;
 78088180:  218:    for (i = card; i < state->deckCount[player]-1; i++) {
 77158545:  219:      state->deck[player][i] = state->deck[player][i+1];
        -:  220:    }
   929635:  221:    state->deckCount[player]--;
        -:  222:  }
   933336:  223:  for (i = 0; i < newDeckPos; i++) {
   929635:  224:    state->deck[player][i] = newDeck[i];
   929635:  225:    state->deckCount[player]++;
        -:  226:  }
        -:  227:
     3701:  228:  return 0;
        -:  229:}
        -:  230:
    #####:  231:int playCard(int handPos, int choice1, int choice2, int choice3, struct gameState *state) 
        -:  232:{	
        -:  233:  int card;
    #####:  234:  int coin_bonus = 0; 		//tracks coins gain from actions
        -:  235:
        -:  236:  //check if it is the right phase
    #####:  237:  if (state->phase != 0)
        -:  238:    {
    #####:  239:      return -1;
        -:  240:    }
        -:  241:	
        -:  242:  //check if player has enough actions
    #####:  243:  if ( state->numActions < 1 )
        -:  244:    {
    #####:  245:      return -1;
        -:  246:    }
        -:  247:	
        -:  248:  //get card played
    #####:  249:  card = handCard(handPos, state);
        -:  250:	
        -:  251:  //check if selected card is an action
    #####:  252:  if ( card < adventurer || card > treasure_map )
        -:  253:    {
    #####:  254:      return -1;
        -:  255:    }
        -:  256:	
        -:  257:  //play card
    #####:  258:  if ( cardEffect(card, choice1, choice2, choice3, state, handPos, &coin_bonus) < 0 )
        -:  259:    {
    #####:  260:      return -1;
        -:  261:    }
        -:  262:	
        -:  263:  //reduce number of actions
    #####:  264:  state->numActions--;
        -:  265:
        -:  266:  //update coins (Treasure cards may be added with card draws)
    #####:  267:  updateCoins(state->whoseTurn, state, coin_bonus);
        -:  268:	
    #####:  269:  return 0;
        -:  270:}
        -:  271:
    #####:  272:int buyCard(int supplyPos, struct gameState *state) {
        -:  273:  int who;
        -:  274:  if (DEBUG){
        -:  275:    printf("Entering buyCard...\n");
        -:  276:  }
        -:  277:
        -:  278:  // I don't know what to do about the phase thing.
        -:  279:
    #####:  280:  who = state->whoseTurn;
        -:  281:
    #####:  282:  if (state->numBuys < 1){
        -:  283:    if (DEBUG)
        -:  284:      printf("You do not have any buys left\n");
    #####:  285:    return -1;
    #####:  286:  } else if (supplyCount(supplyPos, state) <1){
        -:  287:    if (DEBUG)
        -:  288:      printf("There are not any of that type of card left\n");
    #####:  289:    return -1;
    #####:  290:  } else if (state->coins < getCost(supplyPos)){
        -:  291:    if (DEBUG) 
        -:  292:      printf("You do not have enough money to buy that. You have %d coins.\n", state->coins);
    #####:  293:    return -1;
        -:  294:  } else {
    #####:  295:    state->phase=1;
        -:  296:    //state->supplyCount[supplyPos]--;
    #####:  297:    gainCard(supplyPos, state, 0, who); //card goes in discard, this might be wrong.. (2 means goes into hand, 0 goes into discard)
        -:  298:  
    #####:  299:    state->coins = (state->coins) - (getCost(supplyPos));
    #####:  300:    state->numBuys--;
        -:  301:    if (DEBUG)
        -:  302:      printf("You bought card number %d for %d coins. You now have %d buys and %d coins.\n", supplyPos, getCost(supplyPos), state->numBuys, state->coins);
        -:  303:  }
        -:  304:
        -:  305:  //state->discard[who][state->discardCount[who]] = supplyPos;
        -:  306:  //state->discardCount[who]++;
        -:  307:    
    #####:  308:  return 0;
        -:  309:}
        -:  310:
    #####:  311:int numHandCards(struct gameState *state) {
    #####:  312:  return state->handCount[ whoseTurn(state) ];
        -:  313:}
        -:  314:
    #####:  315:int handCard(int handPos, struct gameState *state) {
    #####:  316:  int currentPlayer = whoseTurn(state);
    #####:  317:  return state->hand[currentPlayer][handPos];
        -:  318:}
        -:  319:
    #####:  320:int supplyCount(int card, struct gameState *state) {
    #####:  321:  return state->supplyCount[card];
        -:  322:}
        -:  323:
    #####:  324:int fullDeckCount(int player, int card, struct gameState *state) {
        -:  325:  int i;
    #####:  326:  int count = 0;
        -:  327:
    #####:  328:  for (i = 0; i < state->deckCount[player]; i++)
        -:  329:    {
    #####:  330:      if (state->deck[player][i] == card) count++;
        -:  331:    }
        -:  332:
    #####:  333:  for (i = 0; i < state->handCount[player]; i++)
        -:  334:    {
    #####:  335:      if (state->hand[player][i] == card) count++;
        -:  336:    }
        -:  337:
    #####:  338:  for (i = 0; i < state->discardCount[player]; i++)
        -:  339:    {
    #####:  340:      if (state->discard[player][i] == card) count++;
        -:  341:    }
        -:  342:
    #####:  343:  return count;
        -:  344:}
        -:  345:
    10001:  346:int whoseTurn(struct gameState *state) {
    10001:  347:  return state->whoseTurn;
        -:  348:}
        -:  349:
    #####:  350:int endTurn(struct gameState *state) {
        -:  351:  int k;
        -:  352:  int i;
    #####:  353:  int currentPlayer = whoseTurn(state);
        -:  354:  
        -:  355:  //Discard hand
    #####:  356:  for (i = 0; i < state->handCount[currentPlayer]; i++){
    #####:  357:    state->discard[currentPlayer][state->discardCount[currentPlayer]++] = state->hand[currentPlayer][i];//Discard
    #####:  358:    state->hand[currentPlayer][i] = -1;//Set card to -1
        -:  359:  }
    #####:  360:  state->handCount[currentPlayer] = 0;//Reset hand count
        -:  361:    
        -:  362:  //Code for determining the player
    #####:  363:  if (currentPlayer < (state->numPlayers - 1)){ 
    #####:  364:    state->whoseTurn = currentPlayer + 1;//Still safe to increment
        -:  365:  }
        -:  366:  else{
    #####:  367:    state->whoseTurn = 0;//Max player has been reached, loop back around to player 1
        -:  368:  }
        -:  369:
    #####:  370:  state->outpostPlayed = 0;
    #####:  371:  state->phase = 0;
    #####:  372:  state->numActions = 1;
    #####:  373:  state->coins = 0;
    #####:  374:  state->numBuys = 1;
    #####:  375:  state->playedCardCount = 0;
    #####:  376:  state->handCount[state->whoseTurn] = 0;
        -:  377:
        -:  378:  //int k; move to top
        -:  379:  //Next player draws hand
    #####:  380:  for (k = 0; k < 5; k++){
    #####:  381:    drawCard(state->whoseTurn, state);//Draw a card
        -:  382:  }
        -:  383:
        -:  384:  //Update money
    #####:  385:  updateCoins(state->whoseTurn, state , 0);
        -:  386:
    #####:  387:  return 0;
        -:  388:}
        -:  389:
    #####:  390:int isGameOver(struct gameState *state) {
        -:  391:  int i;
        -:  392:  int j;
        -:  393:	
        -:  394:  //if stack of Province cards is empty, the game ends
    #####:  395:  if (state->supplyCount[province] == 0)
        -:  396:    {
    #####:  397:      return 1;
        -:  398:    }
        -:  399:
        -:  400:  //if three supply pile are at 0, the game ends
    #####:  401:  j = 0;
    #####:  402:  for (i = 0; i < 25; i++)
        -:  403:    {
    #####:  404:      if (state->supplyCount[i] == 0)
        -:  405:	{
    #####:  406:	  j++;
        -:  407:	}
        -:  408:    }
    #####:  409:  if ( j >= 3)
        -:  410:    {
    #####:  411:      return 1;
        -:  412:    }
        -:  413:
    #####:  414:  return 0;
        -:  415:}
        -:  416:
    #####:  417:int scoreFor (int player, struct gameState *state) {
        -:  418:
        -:  419:  int i;
    #####:  420:  int score = 0;
        -:  421:  //score from hand
    #####:  422:  for (i = 0; i < state->handCount[player]; i++)
        -:  423:    {
    #####:  424:      if (state->hand[player][i] == curse) { score = score - 1; };
    #####:  425:      if (state->hand[player][i] == estate) { score = score + 1; };
    #####:  426:      if (state->hand[player][i] == duchy) { score = score + 3; };
    #####:  427:      if (state->hand[player][i] == province) { score = score + 6; };
    #####:  428:      if (state->hand[player][i] == great_hall) { score = score + 1; };
    #####:  429:      if (state->hand[player][i] == gardens) { score = score + ( fullDeckCount(player, 0, state) / 10 ); };
        -:  430:    }
        -:  431:
        -:  432:  //score from discard
    #####:  433:  for (i = 0; i < state->discardCount[player]; i++)
        -:  434:    {
    #####:  435:      if (state->discard[player][i] == curse) { score = score - 1; };
    #####:  436:      if (state->discard[player][i] == estate) { score = score + 1; };
    #####:  437:      if (state->discard[player][i] == duchy) { score = score + 3; };
    #####:  438:      if (state->discard[player][i] == province) { score = score + 6; };
    #####:  439:      if (state->discard[player][i] == great_hall) { score = score + 1; };
    #####:  440:      if (state->discard[player][i] == gardens) { score = score + ( fullDeckCount(player, 0, state) / 10 ); };
        -:  441:    }
        -:  442:
        -:  443:  //score from deck
    #####:  444:  for (i = 0; i < state->discardCount[player]; i++)
        -:  445:    {
    #####:  446:      if (state->deck[player][i] == curse) { score = score - 1; };
    #####:  447:      if (state->deck[player][i] == estate) { score = score + 1; };
    #####:  448:      if (state->deck[player][i] == duchy) { score = score + 3; };
    #####:  449:      if (state->deck[player][i] == province) { score = score + 6; };
    #####:  450:      if (state->deck[player][i] == great_hall) { score = score + 1; };
    #####:  451:      if (state->deck[player][i] == gardens) { score = score + ( fullDeckCount(player, 0, state) / 10 ); };
        -:  452:    }
        -:  453:
    #####:  454:  return score;
        -:  455:}
        -:  456:
    #####:  457:int getWinners(int players[MAX_PLAYERS], struct gameState *state) {
        -:  458:  int i;	
        -:  459:  int j;
        -:  460:  int highScore;
        -:  461:  int currentPlayer;
        -:  462:
        -:  463:  //get score for each player
    #####:  464:  for (i = 0; i < MAX_PLAYERS; i++)
        -:  465:    {
        -:  466:      //set unused player scores to -9999
    #####:  467:      if (i >= state->numPlayers)
        -:  468:	{
    #####:  469:	  players[i] = -9999;
        -:  470:	}
        -:  471:      else
        -:  472:	{
    #####:  473:	  players[i] = scoreFor (i, state);
        -:  474:	}
        -:  475:    }
        -:  476:
        -:  477:  //find highest score
    #####:  478:  j = 0;
    #####:  479:  for (i = 0; i < MAX_PLAYERS; i++)
        -:  480:    {
    #####:  481:      if (players[i] > players[j])
        -:  482:	{
    #####:  483:	  j = i;
        -:  484:	}
        -:  485:    }
    #####:  486:  highScore = players[j];
        -:  487:
        -:  488:  //add 1 to players who had less turns
    #####:  489:  currentPlayer = whoseTurn(state);
    #####:  490:  for (i = 0; i < MAX_PLAYERS; i++)
        -:  491:    {
    #####:  492:      if ( players[i] == highScore && i > currentPlayer )
        -:  493:	{
    #####:  494:	  players[i]++;
        -:  495:	}
        -:  496:    }
        -:  497:
        -:  498:  //find new highest score
    #####:  499:  j = 0;
    #####:  500:  for (i = 0; i < MAX_PLAYERS; i++)
        -:  501:    {
    #####:  502:      if ( players[i] > players[j] )
        -:  503:	{
    #####:  504:	  j = i;
        -:  505:	}
        -:  506:    }
    #####:  507:  highScore = players[j];
        -:  508:
        -:  509:  //set winners in array to 1 and rest to 0
    #####:  510:  for (i = 0; i < MAX_PLAYERS; i++)
        -:  511:    {
    #####:  512:      if ( players[i] == highScore )
        -:  513:	{
    #####:  514:	  players[i] = 1;
        -:  515:	}
        -:  516:      else
        -:  517:	{
    #####:  518:	  players[i] = 0;
        -:  519:	}
        -:  520:    }
        -:  521:
    #####:  522:  return 0;
        -:  523:}
        -:  524:
  1875124:  525:int drawCard(int player, struct gameState *state)
        -:  526:{	int count;
        -:  527:  int deckCounter;
  1875124:  528:  if (state->deckCount[player] <= 0){//Deck is empty
        -:  529:    
        -:  530:    //Step 1 Shuffle the discard pile back into a deck
        -:  531:    int i;
        -:  532:    //Move discard to deck
   934311:  533:    for (i = 0; i < state->discardCount[player];i++){
   929545:  534:      state->deck[player][i] = state->discard[player][i];
   929545:  535:      state->discard[player][i] = -1;
        -:  536:    }
        -:  537:
     4766:  538:    state->deckCount[player] = state->discardCount[player];
     4766:  539:    state->discardCount[player] = 0;//Reset discard
        -:  540:
        -:  541:    //Shufffle the deck
     4766:  542:    shuffle(player, state);//Shuffle the deck up and make it so that we can draw
        -:  543:   
        -:  544:    if (DEBUG){//Debug statements
        -:  545:      printf("Deck count now: %d\n", state->deckCount[player]);
        -:  546:    }
        -:  547:    
     4766:  548:    state->discardCount[player] = 0;
        -:  549:
        -:  550:    //Step 2 Draw Card
     4766:  551:    count = state->handCount[player];//Get current player's hand count
        -:  552:    
        -:  553:    if (DEBUG){//Debug statements
        -:  554:      printf("Current hand count: %d\n", count);
        -:  555:    }
        -:  556:    
     4766:  557:    deckCounter = state->deckCount[player];//Create a holder for the deck count
        -:  558:
     4766:  559:    if (deckCounter == 0)
     1074:  560:      return -1;
        -:  561:
     3692:  562:    state->hand[player][count] = state->deck[player][deckCounter - 1];//Add card to hand
     3692:  563:    state->deckCount[player]--;
     3692:  564:    state->handCount[player]++;//Increment hand count
        -:  565:  }
        -:  566:
        -:  567:  else{
  1870358:  568:    int count = state->handCount[player];//Get current hand count for player
        -:  569:    int deckCounter;
        -:  570:    if (DEBUG){//Debug statements
        -:  571:      printf("Current hand count: %d\n", count);
        -:  572:    }
        -:  573:
  1870358:  574:    deckCounter = state->deckCount[player];//Create holder for the deck count
  1870358:  575:    state->hand[player][count] = state->deck[player][deckCounter - 1];//Add card to the hand
  1870358:  576:    state->deckCount[player]--;
  1870358:  577:    state->handCount[player]++;//Increment hand count
        -:  578:  }
        -:  579:
  1874050:  580:  return 0;
        -:  581:}
        -:  582:
    #####:  583:int getCost(int cardNumber)
        -:  584:{
    #####:  585:  switch( cardNumber ) 
        -:  586:    {
        -:  587:    case curse:
    #####:  588:      return 0;
        -:  589:    case estate:
    #####:  590:      return 2;
        -:  591:    case duchy:
    #####:  592:      return 5;
        -:  593:    case province:
    #####:  594:      return 8;
        -:  595:    case copper:
    #####:  596:      return 0;
        -:  597:    case silver:
    #####:  598:      return 3;
        -:  599:    case gold:
    #####:  600:      return 6;
        -:  601:    case adventurer:
    #####:  602:      return 6;
        -:  603:    case council_room:
    #####:  604:      return 5;
        -:  605:    case feast:
    #####:  606:      return 4;
        -:  607:    case gardens:
    #####:  608:      return 4;
        -:  609:    case mine:
    #####:  610:      return 5;
        -:  611:    case remodel:
    #####:  612:      return 4;
        -:  613:    case smithy:
    #####:  614:      return 4;
        -:  615:    case village:
    #####:  616:      return 3;
        -:  617:    case baron:
    #####:  618:      return 4;
        -:  619:    case great_hall:
    #####:  620:      return 3;
        -:  621:    case minion:
    #####:  622:      return 5;
        -:  623:    case steward:
    #####:  624:      return 3;
        -:  625:    case tribute:
    #####:  626:      return 5;
        -:  627:    case ambassador:
    #####:  628:      return 3;
        -:  629:    case cutpurse:
    #####:  630:      return 4;
        -:  631:    case embargo: 
    #####:  632:      return 2;
        -:  633:    case outpost:
    #####:  634:      return 5;
        -:  635:    case salvager:
    #####:  636:      return 4;
        -:  637:    case sea_hag:
    #####:  638:      return 4;
        -:  639:    case treasure_map:
    #####:  640:      return 4;
        -:  641:    }
        -:  642:	
    #####:  643:  return -1;
        -:  644:}
        -:  645:
        -:  646:
        -:  647:
   100003:  648:void adventurerCard(struct gameState *state, int currentPlayer, int cardDrawn, int temphand[], int drawntreasure, int z){
  2065137:  649:while(drawntreasure<2){
  1865131:  650:        if (state->deckCount[currentPlayer] <1){//if the deck is empty we need to shuffle discard and add to deck
     4754:  651:          shuffle(currentPlayer, state);
        -:  652:        }
  1865131:  653:        drawCard(currentPlayer, state);
  1865131:  654:        cardDrawn = state->hand[currentPlayer][state->handCount[currentPlayer]-1];//top card of hand is most recently drawn card.
  1865131:  655:        if (cardDrawn == copper || cardDrawn == silver || cardDrawn == gold)
   200006:  656:          drawntreasure++;
        -:  657:        else{
  1665125:  658:          temphand[z]=cardDrawn;
  1665125:  659:          state->handCount[currentPlayer]--; //this should just remove the top card (the most recently drawn one).
  1665125:  660:          z++;
        -:  661:        }
        -:  662:      }
  1865131:  663:      while(z-1>=0){
  1665125:  664:        state->discard[currentPlayer][state->discardCount[currentPlayer]++]=temphand[z-1]; // discard all cards in play that have been drawn
  1665125:  665:	z--;
        -:  666:	}
   100003:  667:}
        -:  668:
        1:  669:void smithyCard(struct gameState *state, int currentPlayer, int handPos){
        -:  670://+3 Cards
        -:  671:int i;
        4:  672:for (i = 0; i < 3; i++)
        -:  673:{
        3:  674:  drawCard(currentPlayer, state);
        -:  675:}
        -:  676: 
        -:  677://discard card from hand
        1:  678:discardCard(handPos, currentPlayer, state, 0);                                            
        1:  679:}
        -:  680:
        1:  681:void great_hallCard(struct gameState *state, int currentPlayer, int handPos){
        -:  682://+1 Card
        1:  683:drawCard(currentPlayer, state);
        -:  684: 
        -:  685://+1 Actions
        1:  686:state->numActions++;
        -:  687:
        1:  688:discardCard(handPos, currentPlayer, state, 0);
        -:  689:                                
        1:  690:}
        -:  691:
    #####:  692:void outpostCard(struct gameState *state, int currentPlayer, int handPos){
        -:  693://set outpost flag
    #####:  694:state->outpostPlayed++;
        -:  695:
        -:  696://discard card
    #####:  697:discardCard(handPos, currentPlayer, state, 0);
    #####:  698:}
        -:  699:
    #####:  700:void council_roomCard(struct gameState *state, int currentPlayer, int handPos){
        -:  701:int i;
        -:  702://+4 Cards
    #####:  703:for (i = 0; i < 4; i++)
        -:  704:{
    #####:  705:  drawCard(currentPlayer, state);
        -:  706:}
        -:  707:   
        -:  708://+1 Buy
    #####:  709:state->numBuys++;
        -:  710:   
        -:  711://Each other player draws a card
    #####:  712:for (i = 0; i < state->numPlayers; i++)
        -:  713:{
    #####:  714:	if ( i != currentPlayer )
        -:  715:        {
    #####:  716:           drawCard(i, state);
        -:  717:        }
        -:  718:}
        -:  719:  
        -:  720://put played card in played card pile
    #####:  721:discardCard(handPos, currentPlayer, state, 0);
        -:  722:   
    #####:  723:}
        -:  724:
        -:  725:
        -:  726:
    10001:  727:int cardEffect(int card, int choice1, int choice2, int choice3, struct gameState *state, int handPos, int *bonus)
        -:  728:{
        -:  729:  int i;
        -:  730:  int j;
        -:  731:  int k;
        -:  732:  int x;
        -:  733:  int index;
    10001:  734:  int currentPlayer = whoseTurn(state);
    10001:  735:  int nextPlayer = currentPlayer + 1;
        -:  736:
    10001:  737:  int tributeRevealedCards[2] = {-1, -1};
        -:  738:  int temphand[MAX_HAND];// moved above the if statement
    10001:  739:  int drawntreasure=0;
        -:  740:  int cardDrawn;
    10001:  741:  int z = 0;// this is the counter for the temp hand
    10001:  742:  if (nextPlayer > (state->numPlayers - 1)){
     4954:  743:    nextPlayer = 0;
        -:  744:  }
        -:  745: 	
        -:  746:  //uses switch to select card and perform actions
    10001:  747:  switch( card ) 
        -:  748:    {
        -:  749:    case adventurer:
    #####:  750:      adventurerCard(state, currentPlayer, cardDrawn, temphand, drawntreasure, z);
    #####:  751:      return 0;
        -:  752:			
        -:  753:    case council_room:
    #####:  754:	council_roomCard(state, currentPlayer, handPos);			
    #####:  755:      return 0;
        -:  756:			
        -:  757:    case feast:
        -:  758:      //gain card with cost up to 5
        -:  759:      //Backup hand
    #####:  760:      for (i = 0; i <= state->handCount[currentPlayer]; i++){
    #####:  761:	temphand[i] = state->hand[currentPlayer][i];//Backup card
    #####:  762:	state->hand[currentPlayer][i] = -1;//Set to nothing
        -:  763:      }
        -:  764:      //Backup hand
        -:  765:
        -:  766:      //Update Coins for Buy
    #####:  767:      updateCoins(currentPlayer, state, 5);
    #####:  768:      x = 1;//Condition to loop on
    #####:  769:      while( x == 1) {//Buy one card
    #####:  770:	if (supplyCount(choice1, state) <= 0){
        -:  771:	  if (DEBUG)
        -:  772:	    printf("None of that card left, sorry!\n");
        -:  773:
        -:  774:	  if (DEBUG){
        -:  775:	    printf("Cards Left: %d\n", supplyCount(choice1, state));
        -:  776:	  }
        -:  777:	}
    #####:  778:	else if (state->coins < getCost(choice1)){
    #####:  779:	  printf("That card is too expensive!\n");
        -:  780:
        -:  781:	  if (DEBUG){
        -:  782:	    printf("Coins: %d < %d\n", state->coins, getCost(choice1));
        -:  783:	  }
        -:  784:	}
        -:  785:	else{
        -:  786:
        -:  787:	  if (DEBUG){
        -:  788:	    printf("Deck Count: %d\n", state->handCount[currentPlayer] + state->deckCount[currentPlayer] + state->discardCount[currentPlayer]);
        -:  789:	  }
        -:  790:
    #####:  791:	  gainCard(choice1, state, 0, currentPlayer);//Gain the card
    #####:  792:	  x = 0;//No more buying cards
        -:  793:
        -:  794:	  if (DEBUG){
        -:  795:	    printf("Deck Count: %d\n", state->handCount[currentPlayer] + state->deckCount[currentPlayer] + state->discardCount[currentPlayer]);
        -:  796:	  }
        -:  797:
        -:  798:	}
        -:  799:      }     
        -:  800:
        -:  801:      //Reset Hand
    #####:  802:      for (i = 0; i <= state->handCount[currentPlayer]; i++){
    #####:  803:	state->hand[currentPlayer][i] = temphand[i];
    #####:  804:	temphand[i] = -1;
        -:  805:      }
        -:  806:      //Reset Hand
        -:  807:      			
    #####:  808:      return 0;
        -:  809:			
        -:  810:    case gardens:
    #####:  811:      return -1;
        -:  812:			
        -:  813:    case mine:
    #####:  814:      j = state->hand[currentPlayer][choice1];  //store card we will trash
        -:  815:
    #####:  816:      if (state->hand[currentPlayer][choice1] < copper || state->hand[currentPlayer][choice1] > gold)
        -:  817:	{
    #####:  818:	  return -1;
        -:  819:	}
        -:  820:		
    #####:  821:      if (choice2 > treasure_map || choice2 < curse)
        -:  822:	{
    #####:  823:	  return -1;
        -:  824:	}
        -:  825:
    #####:  826:      if ( (getCost(state->hand[currentPlayer][choice1]) + 3) > getCost(choice2) )
        -:  827:	{
    #####:  828:	  return -1;
        -:  829:	}
        -:  830:
    #####:  831:      gainCard(choice2, state, 2, currentPlayer);
        -:  832:
        -:  833:      //discard card from hand
    #####:  834:      discardCard(handPos, currentPlayer, state, 0);
        -:  835:
        -:  836:      //discard trashed card
    #####:  837:      for (i = 0; i < state->handCount[currentPlayer]; i++)
        -:  838:	{
    #####:  839:	  if (state->hand[currentPlayer][i] == j)
        -:  840:	    {
    #####:  841:	      discardCard(i, currentPlayer, state, 0);			
    #####:  842:	      break;
        -:  843:	    }
        -:  844:	}
        -:  845:			
    #####:  846:      return 0;
        -:  847:			
        -:  848:    case remodel:
    #####:  849:      j = state->hand[currentPlayer][choice1];  //store card we will trash
        -:  850:
    #####:  851:      if ( (getCost(state->hand[currentPlayer][choice1]) + 2) > getCost(choice2) )
        -:  852:	{
    #####:  853:	  return -1;
        -:  854:	}
        -:  855:
    #####:  856:      gainCard(choice2, state, 0, currentPlayer);
        -:  857:
        -:  858:      //discard card from hand
    #####:  859:      discardCard(handPos, currentPlayer, state, 0);
        -:  860:
        -:  861:      //discard trashed card
    #####:  862:      for (i = 0; i < state->handCount[currentPlayer]; i++)
        -:  863:	{
    #####:  864:	  if (state->hand[currentPlayer][i] == j)
        -:  865:	    {
    #####:  866:	      discardCard(i, currentPlayer, state, 0);			
    #####:  867:	      break;
        -:  868:	    }
        -:  869:	}
        -:  870:
        -:  871:
    #####:  872:      return 0;
        -:  873:		
        -:  874:    case smithy:
    #####:  875:      smithyCard(state, currentPlayer, handPos);
    #####:  876:      return 0;
        -:  877:		
        -:  878:    case village:
        -:  879:      //+1 Card
        1:  880:      drawCard(currentPlayer, state);
        -:  881:			
        -:  882:      //+2 Actions
        1:  883:      state->numActions = state->numActions + 2;
        -:  884:			
        -:  885:      //discard played card from hand
        1:  886:      discardCard(handPos, currentPlayer, state, 0);
        1:  887:      return 0;
        -:  888:		
        -:  889:    case baron:
    #####:  890:      state->numBuys++;//Increase buys by 1!
    #####:  891:      if (choice1 > 0){//Boolean true or going to discard an estate
    #####:  892:	int p = 0;//Iterator for hand!
    #####:  893:	int card_not_discarded = 1;//Flag for discard set!
    #####:  894:	while(card_not_discarded){
    #####:  895:	  if (state->hand[currentPlayer][p] == estate){//Found an estate card!
    #####:  896:	    state->coins += 4;//Add 4 coins to the amount of coins
    #####:  897:	    state->discard[currentPlayer][state->discardCount[currentPlayer]] = state->hand[currentPlayer][p];
    #####:  898:	    state->discardCount[currentPlayer]++;
    #####:  899:	    for (;p < state->handCount[currentPlayer]; p++){
    #####:  900:	      state->hand[currentPlayer][p] = state->hand[currentPlayer][p+1];
        -:  901:	    }
    #####:  902:	    state->hand[currentPlayer][state->handCount[currentPlayer]] = -1;
    #####:  903:	    state->handCount[currentPlayer]--;
    #####:  904:	    card_not_discarded = 0;//Exit the loop
        -:  905:	  }
    #####:  906:	  else if (p > state->handCount[currentPlayer]){
        -:  907:	    if(DEBUG) {
        -:  908:	      printf("No estate cards in your hand, invalid choice\n");
        -:  909:	      printf("Must gain an estate if there are any\n");
        -:  910:	    }
    #####:  911:	    if (supplyCount(estate, state) > 0){
    #####:  912:	      gainCard(estate, state, 0, currentPlayer);
    #####:  913:	      state->supplyCount[estate]--;//Decrement estates
    #####:  914:	      if (supplyCount(estate, state) == 0){
    #####:  915:		isGameOver(state);
        -:  916:	      }
        -:  917:	    }
    #####:  918:	    card_not_discarded = 0;//Exit the loop
        -:  919:	  }
        -:  920:			    
        -:  921:	  else{
    #####:  922:	    p++;//Next card
        -:  923:	  }
        -:  924:	}
        -:  925:      }
        -:  926:			    
        -:  927:      else{
    #####:  928:	if (supplyCount(estate, state) > 0){
    #####:  929:	  gainCard(estate, state, 0, currentPlayer);//Gain an estate
    #####:  930:	  state->supplyCount[estate]--;//Decrement Estates
    #####:  931:	  if (supplyCount(estate, state) == 0){
    #####:  932:	    isGameOver(state);
        -:  933:	  }
        -:  934:	}
        -:  935:      }
        -:  936:	    
        -:  937:      
    #####:  938:      return 0;
        -:  939:		
        -:  940:    case great_hall:
    #####:  941:      great_hallCard(state, currentPlayer, handPos);
    #####:  942:      return 0;
        -:  943:		
        -:  944:    case minion:
        -:  945:      //+1 action
    #####:  946:      state->numActions++;
        -:  947:			
        -:  948:      //discard card from hand
    #####:  949:      discardCard(handPos, currentPlayer, state, 0);
        -:  950:			
    #####:  951:      if (choice1)		//+2 coins
        -:  952:	{
    #####:  953:	  state->coins = state->coins + 2;
        -:  954:	}
        -:  955:			
    #####:  956:      else if (choice2)		//discard hand, redraw 4, other players with 5+ cards discard hand and draw 4
        -:  957:	{
        -:  958:	  //discard hand
    #####:  959:	  while(numHandCards(state) > 0)
        -:  960:	    {
    #####:  961:	      discardCard(handPos, currentPlayer, state, 0);
        -:  962:	    }
        -:  963:				
        -:  964:	  //draw 4
    #####:  965:	  for (i = 0; i < 4; i++)
        -:  966:	    {
    #####:  967:	      drawCard(currentPlayer, state);
        -:  968:	    }
        -:  969:				
        -:  970:	  //other players discard hand and redraw if hand size > 4
    #####:  971:	  for (i = 0; i < state->numPlayers; i++)
        -:  972:	    {
    #####:  973:	      if (i != currentPlayer)
        -:  974:		{
    #####:  975:		  if ( state->handCount[i] > 4 )
        -:  976:		    {
        -:  977:		      //discard hand
    #####:  978:		      while( state->handCount[i] > 0 )
        -:  979:			{
    #####:  980:			  discardCard(handPos, i, state, 0);
        -:  981:			}
        -:  982:							
        -:  983:		      //draw 4
    #####:  984:		      for (j = 0; j < 4; j++)
        -:  985:			{
    #####:  986:			  drawCard(i, state);
        -:  987:			}
        -:  988:		    }
        -:  989:		}
        -:  990:	    }
        -:  991:				
        -:  992:	}
    #####:  993:      return 0;
        -:  994:		
        -:  995:    case steward:
    10000:  996:      if (choice1 == 1)
        -:  997:	{
        -:  998:	  //+2 cards
     2492:  999:	  drawCard(currentPlayer, state);
     2492: 1000:	  drawCard(currentPlayer, state);
        -: 1001:	}
     7508: 1002:      else if (choice1 == 2)
        -: 1003:	{
        -: 1004:	  //+2 coins
     2497: 1005:	  state->coins = state->coins + 2;
        -: 1006:	}
        -: 1007:      else
        -: 1008:	{
        -: 1009:	  //trash 2 cards in hand
     5011: 1010:	  discardCard(choice2, currentPlayer, state, 1);
     5011: 1011:	  discardCard(choice3, currentPlayer, state, 1);
        -: 1012:	}
        -: 1013:			
        -: 1014:      //discard card from hand
    10000: 1015:      discardCard(handPos, currentPlayer, state, 0);
    10000: 1016:      return 0;
        -: 1017:		
        -: 1018:    case tribute:
    #####: 1019:      if ((state->discardCount[nextPlayer] + state->deckCount[nextPlayer]) <= 1){
    #####: 1020:	if (state->deckCount[nextPlayer] > 0){
    #####: 1021:	  tributeRevealedCards[0] = state->deck[nextPlayer][state->deckCount[nextPlayer]-1];
    #####: 1022:	  state->deckCount[nextPlayer]--;
        -: 1023:	}
    #####: 1024:	else if (state->discardCount[nextPlayer] > 0){
    #####: 1025:	  tributeRevealedCards[0] = state->discard[nextPlayer][state->discardCount[nextPlayer]-1];
    #####: 1026:	  state->discardCount[nextPlayer]--;
        -: 1027:	}
        -: 1028:	else{
        -: 1029:	  //No Card to Reveal
        -: 1030:	  if (DEBUG){
        -: 1031:	    printf("No cards to reveal\n");
        -: 1032:	  }
        -: 1033:	}
        -: 1034:      }
        -: 1035:	    
        -: 1036:      else{
    #####: 1037:	if (state->deckCount[nextPlayer] == 0){
    #####: 1038:	  for (i = 0; i < state->discardCount[nextPlayer]; i++){
    #####: 1039:	    state->deck[nextPlayer][i] = state->discard[nextPlayer][i];//Move to deck
    #####: 1040:	    state->deckCount[nextPlayer]++;
    #####: 1041:	    state->discard[nextPlayer][i] = -1;
    #####: 1042:	    state->discardCount[nextPlayer]--;
        -: 1043:	  }
        -: 1044:			    
    #####: 1045:	  shuffle(nextPlayer,state);//Shuffle the deck
        -: 1046:	} 
    #####: 1047:	tributeRevealedCards[0] = state->deck[nextPlayer][state->deckCount[nextPlayer]-1];
    #####: 1048:	state->deck[nextPlayer][state->deckCount[nextPlayer]--] = -1;
    #####: 1049:	state->deckCount[nextPlayer]--;
    #####: 1050:	tributeRevealedCards[1] = state->deck[nextPlayer][state->deckCount[nextPlayer]-1];
    #####: 1051:	state->deck[nextPlayer][state->deckCount[nextPlayer]--] = -1;
    #####: 1052:	state->deckCount[nextPlayer]--;
        -: 1053:      }    
        -: 1054:		       
    #####: 1055:      if (tributeRevealedCards[0] == tributeRevealedCards[1]){//If we have a duplicate card, just drop one 
    #####: 1056:	state->playedCards[state->playedCardCount] = tributeRevealedCards[1];
    #####: 1057:	state->playedCardCount++;
    #####: 1058:	tributeRevealedCards[1] = -1;
        -: 1059:      }
        -: 1060:
    #####: 1061:      for (i = 0; i <= 2; i ++){
    #####: 1062:	if (tributeRevealedCards[i] == copper || tributeRevealedCards[i] == silver || tributeRevealedCards[i] == gold){//Treasure cards
    #####: 1063:	  state->coins += 2;
        -: 1064:	}
        -: 1065:		    
    #####: 1066:	else if (tributeRevealedCards[i] == estate || tributeRevealedCards[i] == duchy || tributeRevealedCards[i] == province || tributeRevealedCards[i] == gardens || tributeRevealedCards[i] == great_hall){//Victory Card Found
    #####: 1067:	  drawCard(currentPlayer, state);
    #####: 1068:	  drawCard(currentPlayer, state);
        -: 1069:	}
        -: 1070:	else{//Action Card
    #####: 1071:	  state->numActions = state->numActions + 2;
        -: 1072:	}
        -: 1073:      }
        -: 1074:	    
    #####: 1075:      return 0;
        -: 1076:		
        -: 1077:    case ambassador:
    #####: 1078:      j = 0;		//used to check if player has enough cards to discard
        -: 1079:
    #####: 1080:      if (choice2 > 2 || choice2 < 0)
        -: 1081:	{
    #####: 1082:	  return -1;				
        -: 1083:	}
        -: 1084:
    #####: 1085:      if (choice1 == handPos)
        -: 1086:	{
    #####: 1087:	  return -1;
        -: 1088:	}
        -: 1089:
    #####: 1090:      for (i = 0; i < state->handCount[currentPlayer]; i++)
        -: 1091:	{
    #####: 1092:	  if (i != handPos && i == state->hand[currentPlayer][choice1] && i != choice1)
        -: 1093:	    {
    #####: 1094:	      j++;
        -: 1095:	    }
        -: 1096:	}
    #####: 1097:      if (j < choice2)
        -: 1098:	{
    #####: 1099:	  return -1;				
        -: 1100:	}
        -: 1101:
        -: 1102:      if (DEBUG) 
        -: 1103:	printf("Player %d reveals card number: %d\n", currentPlayer, state->hand[currentPlayer][choice1]);
        -: 1104:
        -: 1105:      //increase supply count for choosen card by amount being discarded
    #####: 1106:      state->supplyCount[state->hand[currentPlayer][choice1]] += choice2;
        -: 1107:			
        -: 1108:      //each other player gains a copy of revealed card
    #####: 1109:      for (i = 0; i < state->numPlayers; i++)
        -: 1110:	{
    #####: 1111:	  if (i != currentPlayer)
        -: 1112:	    {
    #####: 1113:	      gainCard(state->hand[currentPlayer][choice1], state, 0, i);
        -: 1114:	    }
        -: 1115:	}
        -: 1116:
        -: 1117:      //discard played card from hand
    #####: 1118:      discardCard(handPos, currentPlayer, state, 0);			
        -: 1119:
        -: 1120:      //trash copies of cards returned to supply
    #####: 1121:      for (j = 0; j < choice2; j++)
        -: 1122:	{
    #####: 1123:	  for (i = 0; i < state->handCount[currentPlayer]; i++)
        -: 1124:	    {
    #####: 1125:	      if (state->hand[currentPlayer][i] == state->hand[currentPlayer][choice1])
        -: 1126:		{
    #####: 1127:		  discardCard(i, currentPlayer, state, 1);
    #####: 1128:		  break;
        -: 1129:		}
        -: 1130:	    }
        -: 1131:	}			
        -: 1132:
    #####: 1133:      return 0;
        -: 1134:		
        -: 1135:    case cutpurse:
        -: 1136:
    #####: 1137:      updateCoins(currentPlayer, state, 2);
    #####: 1138:      for (i = 0; i < state->numPlayers; i++)
        -: 1139:	{
    #####: 1140:	  if (i != currentPlayer)
        -: 1141:	    {
    #####: 1142:	      for (j = 0; j < state->handCount[i]; j++)
        -: 1143:		{
    #####: 1144:		  if (state->hand[i][j] == copper)
        -: 1145:		    {
    #####: 1146:		      discardCard(j, i, state, 0);
    #####: 1147:		      break;
        -: 1148:		    }
    #####: 1149:		  if (j == state->handCount[i])
        -: 1150:		    {
    #####: 1151:		      for (k = 0; k < state->handCount[i]; k++)
        -: 1152:			{
        -: 1153:			  if (DEBUG)
        -: 1154:			    printf("Player %d reveals card number %d\n", i, state->hand[i][k]);
        -: 1155:			}	
    #####: 1156:		      break;
        -: 1157:		    }		
        -: 1158:		}
        -: 1159:					
        -: 1160:	    }
        -: 1161:				
        -: 1162:	}				
        -: 1163:
        -: 1164:      //discard played card from hand
    #####: 1165:      discardCard(handPos, currentPlayer, state, 0);			
        -: 1166:
    #####: 1167:      return 0;
        -: 1168:
        -: 1169:		
        -: 1170:    case embargo: 
        -: 1171:      //+2 Coins
    #####: 1172:      state->coins = state->coins + 2;
        -: 1173:			
        -: 1174:      //see if selected pile is in play
    #####: 1175:      if ( state->supplyCount[choice1] == -1 )
        -: 1176:	{
    #####: 1177:	  return -1;
        -: 1178:	}
        -: 1179:			
        -: 1180:      //add embargo token to selected supply pile
    #####: 1181:      state->embargoTokens[choice1]++;
        -: 1182:			
        -: 1183:      //trash card
    #####: 1184:      discardCard(handPos, currentPlayer, state, 1);		
    #####: 1185:      return 0;
        -: 1186:		
        -: 1187:    case outpost:
    #####: 1188:      outpostCard(state, currentPlayer, handPos);
    #####: 1189:      return 0;
        -: 1190:		
        -: 1191:    case salvager:
        -: 1192:      //+1 buy
    #####: 1193:      state->numBuys++;
        -: 1194:			
    #####: 1195:      if (choice1)
        -: 1196:	{
        -: 1197:	  //gain coins equal to trashed card
    #####: 1198:	  state->coins = state->coins + getCost( handCard(choice1, state) );
        -: 1199:	  //trash card
    #####: 1200:	  discardCard(choice1, currentPlayer, state, 1);	
        -: 1201:	}
        -: 1202:			
        -: 1203:      //discard card
    #####: 1204:      discardCard(handPos, currentPlayer, state, 0);
    #####: 1205:      return 0;
        -: 1206:		
        -: 1207:    case sea_hag:
    #####: 1208:      for (i = 0; i < state->numPlayers; i++){
    #####: 1209:	if (i != currentPlayer){
    #####: 1210:	  state->discard[i][state->discardCount[i]] = state->deck[i][state->deckCount[i]--];			    state->deckCount[i]--;
    #####: 1211:	  state->discardCount[i]++;
    #####: 1212:	  state->deck[i][state->deckCount[i]--] = curse;//Top card now a curse
        -: 1213:	}
        -: 1214:      }
    #####: 1215:      return 0;
        -: 1216:		
        -: 1217:    case treasure_map:
        -: 1218:      //search hand for another treasure_map
    #####: 1219:      index = -1;
    #####: 1220:      for (i = 0; i < state->handCount[currentPlayer]; i++)
        -: 1221:	{
    #####: 1222:	  if (state->hand[currentPlayer][i] == treasure_map && i != handPos)
        -: 1223:	    {
    #####: 1224:	      index = i;
    #####: 1225:	      break;
        -: 1226:	    }
        -: 1227:	}
    #####: 1228:      if (index > -1)
        -: 1229:	{
        -: 1230:	  //trash both treasure cards
    #####: 1231:	  discardCard(handPos, currentPlayer, state, 1);
    #####: 1232:	  discardCard(index, currentPlayer, state, 1);
        -: 1233:
        -: 1234:	  //gain 4 Gold cards
    #####: 1235:	  for (i = 0; i < 4; i++)
        -: 1236:	    {
    #####: 1237:	      gainCard(gold, state, 1, currentPlayer);
        -: 1238:	    }
        -: 1239:				
        -: 1240:	  //return success
    #####: 1241:	  return 1;
        -: 1242:	}
        -: 1243:			
        -: 1244:      //no second treasure_map found in hand
    #####: 1245:      return -1;
        -: 1246:    }
        -: 1247:	
    #####: 1248:  return -1;
        -: 1249:}
        -: 1250:
    40047: 1251:int discardCard(int handPos, int currentPlayer, struct gameState *state, int trashFlag)
        -: 1252:{
        -: 1253:	
        -: 1254:  //if card is not trashed, added to Played pile 
    40047: 1255:  if (trashFlag < 1)
        -: 1256:    {
        -: 1257:      //add card to played pile
    20003: 1258:      state->playedCards[state->playedCardCount] = state->hand[currentPlayer][handPos]; 
    20003: 1259:      state->playedCardCount++;
        -: 1260:    }
        -: 1261:	
        -: 1262:  //set played card to -1
    40047: 1263:  state->hand[currentPlayer][handPos] = -1;
        -: 1264:	
        -: 1265:  //remove card from player's hand
    40047: 1266:  if ( handPos == (state->handCount[currentPlayer] - 1) ) 	//last card in hand array is played
        -: 1267:    {
        -: 1268:      //reduce number of cards in hand
      224: 1269:      state->handCount[currentPlayer]--;
        -: 1270:    }
    39823: 1271:  else if ( state->handCount[currentPlayer] == 1 ) //only one card in hand
        -: 1272:    {
        -: 1273:      //reduce number of cards in hand
       54: 1274:      state->handCount[currentPlayer]--;
        -: 1275:    }
        -: 1276:  else 	
        -: 1277:    {
        -: 1278:      //replace discarded card with last card in hand
    39769: 1279:      state->hand[currentPlayer][handPos] = state->hand[currentPlayer][ (state->handCount[currentPlayer] - 1)];
        -: 1280:      //set last card to -1
    39769: 1281:      state->hand[currentPlayer][state->handCount[currentPlayer] - 1] = -1;
        -: 1282:      //reduce number of cards in hand
    39769: 1283:      state->handCount[currentPlayer]--;
        -: 1284:    }
        -: 1285:	
    40047: 1286:  return 0;
        -: 1287:}
        -: 1288:
    #####: 1289:int gainCard(int supplyPos, struct gameState *state, int toFlag, int player)
        -: 1290:{
        -: 1291:  //Note: supplyPos is enum of choosen card
        -: 1292:	
        -: 1293:  //check if supply pile is empty (0) or card is not used in game (-1)
    #####: 1294:  if ( supplyCount(supplyPos, state) < 1 )
        -: 1295:    {
    #####: 1296:      return -1;
        -: 1297:    }
        -: 1298:	
        -: 1299:  //added card for [whoseTurn] current player:
        -: 1300:  // toFlag = 0 : add to discard
        -: 1301:  // toFlag = 1 : add to deck
        -: 1302:  // toFlag = 2 : add to hand
        -: 1303:
    #####: 1304:  if (toFlag == 1)
        -: 1305:    {
    #####: 1306:      state->deck[ player ][ state->deckCount[player] ] = supplyPos;
    #####: 1307:      state->deckCount[player]++;
        -: 1308:    }
    #####: 1309:  else if (toFlag == 2)
        -: 1310:    {
    #####: 1311:      state->hand[ player ][ state->handCount[player] ] = supplyPos;
    #####: 1312:      state->handCount[player]++;
        -: 1313:    }
        -: 1314:  else
        -: 1315:    {
    #####: 1316:      state->discard[player][ state->discardCount[player] ] = supplyPos;
    #####: 1317:      state->discardCount[player]++;
        -: 1318:    }
        -: 1319:	
        -: 1320:  //decrease number in supply pile
    #####: 1321:  state->supplyCount[supplyPos]--;
        -: 1322:	 
    #####: 1323:  return 0;
        -: 1324:}
        -: 1325:
    10004: 1326:int updateCoins(int player, struct gameState *state, int bonus)
        -: 1327:{
        -: 1328:  int i;
        -: 1329:	
        -: 1330:  //reset coin count
    10004: 1331:  state->coins = 0;
        -: 1332:
        -: 1333:  //add coins for each Treasure card in player's hand
  2515621: 1334:  for (i = 0; i < state->handCount[player]; i++)
        -: 1335:    {
  2505617: 1336:      if (state->hand[player][i] == copper)
        -: 1337:	{
    89340: 1338:	  state->coins += 1;
        -: 1339:	}
  2416277: 1340:      else if (state->hand[player][i] == silver)
        -: 1341:	{
    89309: 1342:	  state->coins += 2;
        -: 1343:	}
  2326968: 1344:      else if (state->hand[player][i] == gold)
        -: 1345:	{
    89571: 1346:	  state->coins += 3;
        -: 1347:	}	
        -: 1348:    }	
        -: 1349:
        -: 1350:  //add bonus
    10004: 1351:  state->coins += bonus;
        -: 1352:
    10004: 1353:  return 0;
        -: 1354:}
        -: 1355:
        -: 1356:
        -: 1357://end of dominion.c
        -: 1358:
