        -:    0:Source:dominion.c
        -:    0:Graph:dominion.gcno
        -:    0:Data:dominion.gcda
        -:    0:Runs:118
        -:    0:Programs:113
        -:    1:#include "dominion.h"
        -:    2:#include "dominion_helpers.h"
        -:    3:#include "rngs.h"
        -:    4:#include <stdio.h>
        -:    5:#include <math.h>
        -:    6:#include <stdlib.h>
        -:    7:
function compare called 41298492 returned 100% blocks executed 100%
 41298492:    8:int compare(const void* a, const void* b) {
 41298492:    9:  if (*(int*)a > *(int*)b)
branch  0 taken 50% (fallthrough)
branch  1 taken 50%
 20726455:   10:    return 1;
 20572037:   11:  if (*(int*)a < *(int*)b)
branch  0 taken 46% (fallthrough)
branch  1 taken 54%
  9439120:   12:    return -1;
 11132917:   13:  return 0;
        -:   14:}
        -:   15:
function newGame called 0 returned 0% blocks executed 0%
    #####:   16:struct gameState* newGame() {
    #####:   17:  struct gameState* g = malloc(sizeof(struct gameState));
    #####:   18:  return g;
        -:   19:}
        -:   20:
function kingdomCards called 0 returned 0% blocks executed 0%
    #####:   21:int* kingdomCards(int k1, int k2, int k3, int k4, int k5, int k6, int k7,
        -:   22:		  int k8, int k9, int k10) {
    #####:   23:  int* k = malloc(10 * sizeof(int));
    #####:   24:  k[0] = k1;
    #####:   25:  k[1] = k2;
    #####:   26:  k[2] = k3;
    #####:   27:  k[3] = k4;
    #####:   28:  k[4] = k5;
    #####:   29:  k[5] = k6;
    #####:   30:  k[6] = k7;
    #####:   31:  k[7] = k8;
    #####:   32:  k[8] = k9;
    #####:   33:  k[9] = k10;
    #####:   34:  return k;
        -:   35:}
        -:   36:
function initializeGame called 73 returned 100% blocks executed 94%
       73:   37:int initializeGame(int numPlayers, int kingdomCards[10], int randomSeed,
        -:   38:		   struct gameState *state) {
        -:   39:
        -:   40:  int i;
        -:   41:  int j;
        -:   42:  int it;			
        -:   43:  //set up random number generator
       73:   44:  SelectStream(1);
call    0 returned 100%
       73:   45:  PutSeed((long)randomSeed);
call    0 returned 100%
        -:   46:  
        -:   47:  //check number of players
       73:   48:  if (numPlayers > MAX_PLAYERS || numPlayers < 2)
branch  0 taken 100% (fallthrough)
branch  1 taken 0%
branch  2 taken 0% (fallthrough)
branch  3 taken 100%
        -:   49:    {
    #####:   50:      return -1;
        -:   51:    }
        -:   52:
        -:   53:  //set number of players
       73:   54:  state->numPlayers = numPlayers;
        -:   55:
        -:   56:  //check selected kingdom cards are different
      803:   57:  for (i = 0; i < 10; i++)
branch  0 taken 91%
branch  1 taken 9% (fallthrough)
        -:   58:    {
     8030:   59:      for (j = 0; j < 10; j++)
branch  0 taken 91%
branch  1 taken 9% (fallthrough)
        -:   60:        {
     7300:   61:	  if (j != i && kingdomCards[j] == kingdomCards[i])
branch  0 taken 90% (fallthrough)
branch  1 taken 10%
branch  2 taken 0% (fallthrough)
branch  3 taken 100%
        -:   62:	    {
    #####:   63:	      return -1;
        -:   64:	    }
        -:   65:        }
        -:   66:    }
        -:   67:
        -:   68:
        -:   69:  //initialize supply
        -:   70:  ///////////////////////////////
        -:   71:
        -:   72:  //set number of Curse cards
       73:   73:  if (numPlayers == 2)
branch  0 taken 92% (fallthrough)
branch  1 taken 8%
        -:   74:    {
       67:   75:      state->supplyCount[curse] = 10;
        -:   76:    }
        6:   77:  else if (numPlayers == 3)
branch  0 taken 100% (fallthrough)
branch  1 taken 0%
        -:   78:    {
        6:   79:      state->supplyCount[curse] = 20;
        -:   80:    }
        -:   81:  else
        -:   82:    {
    #####:   83:      state->supplyCount[curse] = 30;
        -:   84:    }
        -:   85:
        -:   86:  //set number of Victory cards
       73:   87:  if (numPlayers == 2)
branch  0 taken 92% (fallthrough)
branch  1 taken 8%
        -:   88:    {
       67:   89:      state->supplyCount[estate] = 8;
       67:   90:      state->supplyCount[duchy] = 8;
       67:   91:      state->supplyCount[province] = 8;
        -:   92:    }
        -:   93:  else
        -:   94:    {
        6:   95:      state->supplyCount[estate] = 12;
        6:   96:      state->supplyCount[duchy] = 12;
        6:   97:      state->supplyCount[province] = 12;
        -:   98:    }
        -:   99:
        -:  100:  //set number of Treasure cards
       73:  101:  state->supplyCount[copper] = 60 - (7 * numPlayers);
       73:  102:  state->supplyCount[silver] = 40;
       73:  103:  state->supplyCount[gold] = 30;
        -:  104:
        -:  105:  //set number of Kingdom cards
     1533:  106:  for (i = adventurer; i <= treasure_map; i++)       	//loop all cards
branch  0 taken 95%
branch  1 taken 5% (fallthrough)
        -:  107:    {
    12045:  108:      for (j = 0; j < 10; j++)           		//loop chosen cards
branch  0 taken 94%
branch  1 taken 6% (fallthrough)
        -:  109:	{
    11315:  110:	  if (kingdomCards[j] == i)
branch  0 taken 6% (fallthrough)
branch  1 taken 94%
        -:  111:	    {
        -:  112:	      //check if card is a 'Victory' Kingdom card
      730:  113:	      if (kingdomCards[j] == great_hall || kingdomCards[j] == gardens)
branch  0 taken 90% (fallthrough)
branch  1 taken 10%
branch  2 taken 11% (fallthrough)
branch  3 taken 89%
        -:  114:		{
      290:  115:		  if (numPlayers == 2){ 
branch  0 taken 92% (fallthrough)
branch  1 taken 8%
      133:  116:		    state->supplyCount[i] = 8; 
        -:  117:		  }
       12:  118:		  else{ state->supplyCount[i] = 12; }
        -:  119:		}
        -:  120:	      else
        -:  121:		{
      585:  122:		  state->supplyCount[i] = 10;
        -:  123:		}
      730:  124:	      break;
        -:  125:	    }
        -:  126:	  else    //card is not in the set choosen for the game
        -:  127:	    {
    10585:  128:	      state->supplyCount[i] = -1;
        -:  129:	    }
        -:  130:	}
        -:  131:
        -:  132:    }
        -:  133:
        -:  134:  ////////////////////////
        -:  135:  //supply intilization complete
        -:  136:
        -:  137:  //set player decks
      225:  138:  for (i = 0; i < numPlayers; i++)
branch  0 taken 68%
branch  1 taken 32% (fallthrough)
        -:  139:    {
      152:  140:      state->deckCount[i] = 0;
      608:  141:      for (j = 0; j < 3; j++)
branch  0 taken 75%
branch  1 taken 25% (fallthrough)
        -:  142:	{
      456:  143:	  state->deck[i][j] = estate;
      456:  144:	  state->deckCount[i]++;
        -:  145:	}
     1216:  146:      for (j = 3; j < 10; j++)
branch  0 taken 88%
branch  1 taken 13% (fallthrough)
        -:  147:	{
     1064:  148:	  state->deck[i][j] = copper;
     1064:  149:	  state->deckCount[i]++;		
        -:  150:	}
        -:  151:    }
        -:  152:
        -:  153:  //shuffle player decks
      225:  154:  for (i = 0; i < numPlayers; i++)
branch  0 taken 68%
branch  1 taken 32% (fallthrough)
        -:  155:    {
      152:  156:      if ( shuffle(i, state) < 0 )
call    0 returned 100%
branch  1 taken 0% (fallthrough)
branch  2 taken 100%
        -:  157:	{
    #####:  158:	  return -1;
        -:  159:	}
        -:  160:    }
        -:  161:
        -:  162:  //draw player hands
      225:  163:  for (i = 0; i < numPlayers; i++)
branch  0 taken 68%
branch  1 taken 32% (fallthrough)
        -:  164:    {  
        -:  165:      //initialize hand size to zero
      152:  166:      state->handCount[i] = 0;
      152:  167:      state->discardCount[i] = 0;
        -:  168:      //draw 5 cards
        -:  169:      // for (j = 0; j < 5; j++)
        -:  170:      //	{
        -:  171:      //	  drawCard(i, state);
        -:  172:      //	}
        -:  173:    }
        -:  174:  
        -:  175:  //set embargo tokens to 0 for all supply piles
     2044:  176:  for (i = 0; i <= treasure_map; i++)
branch  0 taken 96%
branch  1 taken 4% (fallthrough)
        -:  177:    {
     1971:  178:      state->embargoTokens[i] = 0;
        -:  179:    }
        -:  180:
        -:  181:  //initialize first player's turn
       73:  182:  state->outpostPlayed = 0;
       73:  183:  state->phase = 0;
       73:  184:  state->numActions = 1;
       73:  185:  state->numBuys = 1;
       73:  186:  state->playedCardCount = 0;
       73:  187:  state->whoseTurn = 0;
       73:  188:  state->handCount[state->whoseTurn] = 0;
        -:  189:  //int it; move to top
        -:  190:
        -:  191:  //Moved draw cards to here, only drawing at the start of a turn
      438:  192:  for (it = 0; it < 5; it++){
branch  0 taken 83%
branch  1 taken 17% (fallthrough)
      365:  193:    drawCard(state->whoseTurn, state);
call    0 returned 100%
        -:  194:  }
        -:  195:
       73:  196:  updateCoins(state->whoseTurn, state, 0);
call    0 returned 100%
        -:  197:
       73:  198:  return 0;
        -:  199:}
        -:  200:
function shuffle called 56050 returned 100% blocks executed 100%
    56050:  201:int shuffle(int player, struct gameState *state) {
        -:  202: 
        -:  203:
        -:  204:  int newDeck[MAX_DECK];
    56050:  205:  int newDeckPos = 0;
        -:  206:  int card;
        -:  207:  int i;
        -:  208:
    56050:  209:  if (state->deckCount[player] < 1)
branch  0 taken 58% (fallthrough)
branch  1 taken 42%
    32372:  210:    return -1;
    23678:  211:  qsort ((void*)(state->deck[player]), state->deckCount[player], sizeof(int), compare); 
call    0 returned 100%
        -:  212:  /* SORT CARDS IN DECK TO ENSURE DETERMINISM! */
        -:  213:
  5969349:  214:  while (state->deckCount[player] > 0) {
branch  0 taken 99%
branch  1 taken 1% (fallthrough)
  5921993:  215:    card = floor(Random() * state->deckCount[player]);
call    0 returned 100%
  5921993:  216:    newDeck[newDeckPos] = state->deck[player][card];
  5921993:  217:    newDeckPos++;
498064870:  218:    for (i = card; i < state->deckCount[player]-1; i++) {
branch  0 taken 99%
branch  1 taken 1% (fallthrough)
492142877:  219:      state->deck[player][i] = state->deck[player][i+1];
        -:  220:    }
  5921993:  221:    state->deckCount[player]--;
        -:  222:  }
  5945671:  223:  for (i = 0; i < newDeckPos; i++) {
branch  0 taken 99%
branch  1 taken 1% (fallthrough)
  5921993:  224:    state->deck[player][i] = newDeck[i];
  5921993:  225:    state->deckCount[player]++;
        -:  226:  }
        -:  227:
    23678:  228:  return 0;
        -:  229:}
        -:  230:
function playCard called 52 returned 100% blocks executed 80%
       52:  231:int playCard(int handPos, int choice1, int choice2, int choice3, struct gameState *state) 
        -:  232:{	
        -:  233:  int card;
       52:  234:  int coin_bonus = 0; 		//tracks coins gain from actions
        -:  235:
        -:  236:  //check if it is the right phase
       52:  237:  if (state->phase != 0)
branch  0 taken 0% (fallthrough)
branch  1 taken 100%
        -:  238:    {
    #####:  239:      return -1;
        -:  240:    }
        -:  241:	
        -:  242:  //check if player has enough actions
       52:  243:  if ( state->numActions < 1 )
branch  0 taken 83% (fallthrough)
branch  1 taken 17%
        -:  244:    {
       43:  245:      return -1;
        -:  246:    }
        -:  247:	
        -:  248:  //get card played
        9:  249:  card = handCard(handPos, state);
call    0 returned 100%
        -:  250:	
        -:  251:  //check if selected card is an action
        9:  252:  if ( card < adventurer || card > treasure_map )
branch  0 taken 100% (fallthrough)
branch  1 taken 0%
branch  2 taken 0% (fallthrough)
branch  3 taken 100%
        -:  253:    {
    #####:  254:      return -1;
        -:  255:    }
        -:  256:	
        -:  257:  //play card
        9:  258:  if ( cardEffect(card, choice1, choice2, choice3, state, handPos, &coin_bonus) < 0 )
call    0 returned 100%
branch  1 taken 0% (fallthrough)
branch  2 taken 100%
        -:  259:    {
    #####:  260:      return -1;
        -:  261:    }
        -:  262:	
        -:  263:  //reduce number of actions
        9:  264:  state->numActions--;
        -:  265:
        -:  266:  //update coins (Treasure cards may be added with card draws)
        9:  267:  updateCoins(state->whoseTurn, state, coin_bonus);
call    0 returned 100%
        -:  268:	
        9:  269:  return 0;
        -:  270:}
        -:  271:
function buyCard called 33 returned 100% blocks executed 79%
       33:  272:int buyCard(int supplyPos, struct gameState *state) {
        -:  273:  int who;
        -:  274:  if (DEBUG){
        -:  275:    printf("Entering buyCard...\n");
        -:  276:  }
        -:  277:
        -:  278:  // I don't know what to do about the phase thing.
        -:  279:
       33:  280:  who = state->whoseTurn;
        -:  281:
       33:  282:  if (state->numBuys < 1){
branch  0 taken 0% (fallthrough)
branch  1 taken 100%
        -:  283:    if (DEBUG)
        -:  284:      printf("You do not have any buys left\n");
    #####:  285:    return -1;
       33:  286:  } else if (supplyCount(supplyPos, state) <1){
call    0 returned 100%
branch  1 taken 0% (fallthrough)
branch  2 taken 100%
        -:  287:    if (DEBUG)
        -:  288:      printf("There are not any of that type of card left\n");
    #####:  289:    return -1;
       33:  290:  } else if (state->coins < getCost(supplyPos)){
call    0 returned 100%
branch  1 taken 0% (fallthrough)
branch  2 taken 100%
        -:  291:    if (DEBUG) 
        -:  292:      printf("You do not have enough money to buy that. You have %d coins.\n", state->coins);
    #####:  293:    return -1;
        -:  294:  } else {
       33:  295:    state->phase=1;
        -:  296:    //state->supplyCount[supplyPos]--;
       33:  297:    gainCard(supplyPos, state, 0, who); //card goes in discard, this might be wrong.. (2 means goes into hand, 0 goes into discard)
call    0 returned 100%
        -:  298:  
       33:  299:    state->coins = (state->coins) - (getCost(supplyPos));
call    0 returned 100%
       33:  300:    state->numBuys--;
        -:  301:    if (DEBUG)
        -:  302:      printf("You bought card number %d for %d coins. You now have %d buys and %d coins.\n", supplyPos, getCost(supplyPos), state->numBuys, state->coins);
        -:  303:  }
        -:  304:
        -:  305:  //state->discard[who][state->discardCount[who]] = supplyPos;
        -:  306:  //state->discardCount[who]++;
        -:  307:    
       33:  308:  return 0;
        -:  309:}
        -:  310:
function numHandCards called 281 returned 100% blocks executed 100%
      281:  311:int numHandCards(struct gameState *state) {
      281:  312:  return state->handCount[ whoseTurn(state) ];
call    0 returned 100%
        -:  313:}
        -:  314:
function handCard called 558 returned 100% blocks executed 100%
      558:  315:int handCard(int handPos, struct gameState *state) {
      558:  316:  int currentPlayer = whoseTurn(state);
call    0 returned 100%
      558:  317:  return state->hand[currentPlayer][handPos];
        -:  318:}
        -:  319:
function supplyCount called 102 returned 100% blocks executed 100%
      102:  320:int supplyCount(int card, struct gameState *state) {
      102:  321:  return state->supplyCount[card];
        -:  322:}
        -:  323:
function fullDeckCount called 0 returned 0% blocks executed 0%
    #####:  324:int fullDeckCount(int player, int card, struct gameState *state) {
        -:  325:  int i;
    #####:  326:  int count = 0;
        -:  327:
    #####:  328:  for (i = 0; i < state->deckCount[player]; i++)
branch  0 never executed
branch  1 never executed
        -:  329:    {
    #####:  330:      if (state->deck[player][i] == card) count++;
branch  0 never executed
branch  1 never executed
        -:  331:    }
        -:  332:
    #####:  333:  for (i = 0; i < state->handCount[player]; i++)
branch  0 never executed
branch  1 never executed
        -:  334:    {
    #####:  335:      if (state->hand[player][i] == card) count++;
branch  0 never executed
branch  1 never executed
        -:  336:    }
        -:  337:
    #####:  338:  for (i = 0; i < state->discardCount[player]; i++)
branch  0 never executed
branch  1 never executed
        -:  339:    {
    #####:  340:      if (state->discard[player][i] == card) count++;
branch  0 never executed
branch  1 never executed
        -:  341:    }
        -:  342:
    #####:  343:  return count;
        -:  344:}
        -:  345:
function whoseTurn called 316016 returned 100% blocks executed 100%
   316016:  346:int whoseTurn(struct gameState *state) {
   316016:  347:  return state->whoseTurn;
        -:  348:}
        -:  349:
function endTurn called 34 returned 100% blocks executed 100%
       34:  350:int endTurn(struct gameState *state) {
        -:  351:  int k;
        -:  352:  int i;
       34:  353:  int currentPlayer = whoseTurn(state);
call    0 returned 100%
        -:  354:  
        -:  355:  //Discard hand
      227:  356:  for (i = 0; i < state->handCount[currentPlayer]; i++){
branch  0 taken 85%
branch  1 taken 15% (fallthrough)
      193:  357:    state->discard[currentPlayer][state->discardCount[currentPlayer]++] = state->hand[currentPlayer][i];//Discard
      193:  358:    state->hand[currentPlayer][i] = -1;//Set card to -1
        -:  359:  }
       34:  360:  state->handCount[currentPlayer] = 0;//Reset hand count
        -:  361:    
        -:  362:  //Code for determining the player
       34:  363:  if (currentPlayer < (state->numPlayers - 1)){ 
branch  0 taken 50% (fallthrough)
branch  1 taken 50%
       17:  364:    state->whoseTurn = currentPlayer + 1;//Still safe to increment
        -:  365:  }
        -:  366:  else{
       17:  367:    state->whoseTurn = 0;//Max player has been reached, loop back around to player 1
        -:  368:  }
        -:  369:
       34:  370:  state->outpostPlayed = 0;
       34:  371:  state->phase = 0;
       34:  372:  state->numActions = 1;
       34:  373:  state->coins = 0;
       34:  374:  state->numBuys = 1;
       34:  375:  state->playedCardCount = 0;
       34:  376:  state->handCount[state->whoseTurn] = 0;
        -:  377:
        -:  378:  //int k; move to top
        -:  379:  //Next player draws hand
      204:  380:  for (k = 0; k < 5; k++){
branch  0 taken 83%
branch  1 taken 17% (fallthrough)
      170:  381:    drawCard(state->whoseTurn, state);//Draw a card
call    0 returned 100%
        -:  382:  }
        -:  383:
        -:  384:  //Update money
       34:  385:  updateCoins(state->whoseTurn, state , 0);
call    0 returned 100%
        -:  386:
       34:  387:  return 0;
        -:  388:}
        -:  389:
function isGameOver called 35 returned 100% blocks executed 82%
       35:  390:int isGameOver(struct gameState *state) {
        -:  391:  int i;
        -:  392:  int j;
        -:  393:	
        -:  394:  //if stack of Province cards is empty, the game ends
       35:  395:  if (state->supplyCount[province] == 0)
branch  0 taken 3% (fallthrough)
branch  1 taken 97%
        -:  396:    {
        1:  397:      return 1;
        -:  398:    }
        -:  399:
        -:  400:  //if three supply pile are at 0, the game ends
       34:  401:  j = 0;
      884:  402:  for (i = 0; i < 25; i++)
branch  0 taken 96%
branch  1 taken 4% (fallthrough)
        -:  403:    {
      850:  404:      if (state->supplyCount[i] == 0)
branch  0 taken 0% (fallthrough)
branch  1 taken 100%
        -:  405:	{
    #####:  406:	  j++;
        -:  407:	}
        -:  408:    }
       34:  409:  if ( j >= 3)
branch  0 taken 0% (fallthrough)
branch  1 taken 100%
        -:  410:    {
    #####:  411:      return 1;
        -:  412:    }
        -:  413:
       34:  414:  return 0;
        -:  415:}
        -:  416:
function scoreFor called 62 returned 100% blocks executed 68%
       62:  417:int scoreFor (int player, struct gameState *state) {
        -:  418:
        -:  419:  int i;
       62:  420:  int score = 0;
        -:  421:  //score from hand
      367:  422:  for (i = 0; i < state->handCount[player]; i++)
branch  0 taken 83%
branch  1 taken 17% (fallthrough)
        -:  423:    {
      305:  424:      if (state->hand[player][i] == curse) { score = score - 1; };
branch  0 taken 37% (fallthrough)
branch  1 taken 63%
      305:  425:      if (state->hand[player][i] == estate) { score = score + 1; };
branch  0 taken 61% (fallthrough)
branch  1 taken 39%
      305:  426:      if (state->hand[player][i] == duchy) { score = score + 3; };
branch  0 taken 0% (fallthrough)
branch  1 taken 100%
      305:  427:      if (state->hand[player][i] == province) { score = score + 6; };
branch  0 taken 0% (fallthrough)
branch  1 taken 100%
      305:  428:      if (state->hand[player][i] == great_hall) { score = score + 1; };
branch  0 taken 0% (fallthrough)
branch  1 taken 100%
      305:  429:      if (state->hand[player][i] == gardens) { score = score + ( fullDeckCount(player, 0, state) / 10 ); };
branch  0 taken 0% (fallthrough)
branch  1 taken 100%
call    2 never executed
        -:  430:    }
        -:  431:
        -:  432:  //score from discard
       93:  433:  for (i = 0; i < state->discardCount[player]; i++)
branch  0 taken 33%
branch  1 taken 67% (fallthrough)
        -:  434:    {
       31:  435:      if (state->discard[player][i] == curse) { score = score - 1; };
branch  0 taken 0% (fallthrough)
branch  1 taken 100%
       31:  436:      if (state->discard[player][i] == estate) { score = score + 1; };
branch  0 taken 0% (fallthrough)
branch  1 taken 100%
       31:  437:      if (state->discard[player][i] == duchy) { score = score + 3; };
branch  0 taken 0% (fallthrough)
branch  1 taken 100%
       31:  438:      if (state->discard[player][i] == province) { score = score + 6; };
branch  0 taken 19% (fallthrough)
branch  1 taken 81%
       31:  439:      if (state->discard[player][i] == great_hall) { score = score + 1; };
branch  0 taken 0% (fallthrough)
branch  1 taken 100%
       31:  440:      if (state->discard[player][i] == gardens) { score = score + ( fullDeckCount(player, 0, state) / 10 ); };
branch  0 taken 0% (fallthrough)
branch  1 taken 100%
call    2 never executed
        -:  441:    }
        -:  442:
        -:  443:  //score from deck
       93:  444:  for (i = 0; i < state->discardCount[player]; i++)
branch  0 taken 33%
branch  1 taken 67% (fallthrough)
        -:  445:    {
       31:  446:      if (state->deck[player][i] == curse) { score = score - 1; };
branch  0 taken 0% (fallthrough)
branch  1 taken 100%
       31:  447:      if (state->deck[player][i] == estate) { score = score + 1; };
branch  0 taken 16% (fallthrough)
branch  1 taken 84%
       31:  448:      if (state->deck[player][i] == duchy) { score = score + 3; };
branch  0 taken 0% (fallthrough)
branch  1 taken 100%
       31:  449:      if (state->deck[player][i] == province) { score = score + 6; };
branch  0 taken 10% (fallthrough)
branch  1 taken 90%
       31:  450:      if (state->deck[player][i] == great_hall) { score = score + 1; };
branch  0 taken 0% (fallthrough)
branch  1 taken 100%
       31:  451:      if (state->deck[player][i] == gardens) { score = score + ( fullDeckCount(player, 0, state) / 10 ); };
branch  0 taken 0% (fallthrough)
branch  1 taken 100%
call    2 never executed
        -:  452:    }
        -:  453:
       62:  454:  return score;
        -:  455:}
        -:  456:
function getWinners called 30 returned 100% blocks executed 100%
       30:  457:int getWinners(int players[MAX_PLAYERS], struct gameState *state) {
        -:  458:  int i;	
        -:  459:  int j;
        -:  460:  int highScore;
        -:  461:  int currentPlayer;
        -:  462:
        -:  463:  //get score for each player
      150:  464:  for (i = 0; i < MAX_PLAYERS; i++)
branch  0 taken 80%
branch  1 taken 20% (fallthrough)
        -:  465:    {
        -:  466:      //set unused player scores to -9999
      120:  467:      if (i >= state->numPlayers)
branch  0 taken 50% (fallthrough)
branch  1 taken 50%
        -:  468:	{
       60:  469:	  players[i] = -9999;
        -:  470:	}
        -:  471:      else
        -:  472:	{
       60:  473:	  players[i] = scoreFor (i, state);
call    0 returned 100%
        -:  474:	}
        -:  475:    }
        -:  476:
        -:  477:  //find highest score
       30:  478:  j = 0;
      150:  479:  for (i = 0; i < MAX_PLAYERS; i++)
branch  0 taken 80%
branch  1 taken 20% (fallthrough)
        -:  480:    {
      120:  481:      if (players[i] > players[j])
branch  0 taken 5% (fallthrough)
branch  1 taken 95%
        -:  482:	{
        6:  483:	  j = i;
        -:  484:	}
        -:  485:    }
       30:  486:  highScore = players[j];
        -:  487:
        -:  488:  //add 1 to players who had less turns
       30:  489:  currentPlayer = whoseTurn(state);
call    0 returned 100%
      150:  490:  for (i = 0; i < MAX_PLAYERS; i++)
branch  0 taken 80%
branch  1 taken 20% (fallthrough)
        -:  491:    {
      120:  492:      if ( players[i] == highScore && i > currentPlayer )
branch  0 taken 35% (fallthrough)
branch  1 taken 65%
branch  2 taken 29% (fallthrough)
branch  3 taken 71%
        -:  493:	{
       12:  494:	  players[i]++;
        -:  495:	}
        -:  496:    }
        -:  497:
        -:  498:  //find new highest score
       30:  499:  j = 0;
      150:  500:  for (i = 0; i < MAX_PLAYERS; i++)
branch  0 taken 80%
branch  1 taken 20% (fallthrough)
        -:  501:    {
      120:  502:      if ( players[i] > players[j] )
branch  0 taken 10% (fallthrough)
branch  1 taken 90%
        -:  503:	{
       12:  504:	  j = i;
        -:  505:	}
        -:  506:    }
       30:  507:  highScore = players[j];
        -:  508:
        -:  509:  //set winners in array to 1 and rest to 0
      150:  510:  for (i = 0; i < MAX_PLAYERS; i++)
branch  0 taken 80%
branch  1 taken 20% (fallthrough)
        -:  511:    {
      120:  512:      if ( players[i] == highScore )
branch  0 taken 30% (fallthrough)
branch  1 taken 70%
        -:  513:	{
       36:  514:	  players[i] = 1;
        -:  515:	}
        -:  516:      else
        -:  517:	{
       84:  518:	  players[i] = 0;
        -:  519:	}
        -:  520:    }
        -:  521:
       30:  522:  return 0;
        -:  523:}
        -:  524:
function drawCard called 8387736 returned 100% blocks executed 100%
  8387736:  525:int drawCard(int player, struct gameState *state)
        -:  526:{	int count;
        -:  527:  int deckCounter;
  8387736:  528:  if (state->deckCount[player] <= 0){//Deck is empty
branch  0 taken 1% (fallthrough)
branch  1 taken 99%
        -:  529:    
        -:  530:    //Step 1 Shuffle the discard pile back into a deck
        -:  531:    int i;
        -:  532:    //Move discard to deck
  5950058:  533:    for (i = 0; i < state->discardCount[player];i++){
branch  0 taken 99%
branch  1 taken 1% (fallthrough)
  5920473:  534:      state->deck[player][i] = state->discard[player][i];
  5920473:  535:      state->discard[player][i] = -1;
        -:  536:    }
        -:  537:
    29585:  538:    state->deckCount[player] = state->discardCount[player];
    29585:  539:    state->discardCount[player] = 0;//Reset discard
        -:  540:
        -:  541:    //Shufffle the deck
    29585:  542:    shuffle(player, state);//Shuffle the deck up and make it so that we can draw
call    0 returned 100%
        -:  543:   
        -:  544:    if (DEBUG){//Debug statements
        -:  545:      printf("Deck count now: %d\n", state->deckCount[player]);
        -:  546:    }
        -:  547:    
    29585:  548:    state->discardCount[player] = 0;
        -:  549:
        -:  550:    //Step 2 Draw Card
    29585:  551:    count = state->handCount[player];//Get current player's hand count
        -:  552:    
        -:  553:    if (DEBUG){//Debug statements
        -:  554:      printf("Current hand count: %d\n", count);
        -:  555:    }
        -:  556:    
    29585:  557:    deckCounter = state->deckCount[player];//Create a holder for the deck count
        -:  558:
    29585:  559:    if (deckCounter == 0)
branch  0 taken 20% (fallthrough)
branch  1 taken 80%
     6059:  560:      return -1;
        -:  561:
    23526:  562:    state->hand[player][count] = state->deck[player][deckCounter - 1];//Add card to hand
    23526:  563:    state->deckCount[player]--;
    23526:  564:    state->handCount[player]++;//Increment hand count
        -:  565:  }
        -:  566:
        -:  567:  else{
  8358151:  568:    int count = state->handCount[player];//Get current hand count for player
        -:  569:    int deckCounter;
        -:  570:    if (DEBUG){//Debug statements
        -:  571:      printf("Current hand count: %d\n", count);
        -:  572:    }
        -:  573:
  8358151:  574:    deckCounter = state->deckCount[player];//Create holder for the deck count
  8358151:  575:    state->hand[player][count] = state->deck[player][deckCounter - 1];//Add card to the hand
  8358151:  576:    state->deckCount[player]--;
  8358151:  577:    state->handCount[player]++;//Increment hand count
        -:  578:  }
        -:  579:
  8381677:  580:  return 0;
        -:  581:}
        -:  582:
function getCost called 66 returned 100% blocks executed 23%
       66:  583:int getCost(int cardNumber)
        -:  584:{
       66:  585:  switch( cardNumber ) 
branch  0 taken 0%
branch  1 taken 0%
branch  2 taken 0%
branch  3 taken 24%
branch  4 taken 0%
branch  5 taken 39%
branch  6 taken 24%
branch  7 taken 6%
branch  8 taken 0%
branch  9 taken 0%
branch 10 taken 0%
branch 11 taken 0%
branch 12 taken 0%
branch 13 taken 6%
branch 14 taken 0%
branch 15 taken 0%
branch 16 taken 0%
branch 17 taken 0%
branch 18 taken 0%
branch 19 taken 0%
branch 20 taken 0%
branch 21 taken 0%
branch 22 taken 0%
branch 23 taken 0%
branch 24 taken 0%
branch 25 taken 0%
branch 26 taken 0%
branch 27 taken 0%
        -:  586:    {
        -:  587:    case curse:
    #####:  588:      return 0;
        -:  589:    case estate:
    #####:  590:      return 2;
        -:  591:    case duchy:
    #####:  592:      return 5;
        -:  593:    case province:
       16:  594:      return 8;
        -:  595:    case copper:
    #####:  596:      return 0;
        -:  597:    case silver:
       26:  598:      return 3;
        -:  599:    case gold:
       16:  600:      return 6;
        -:  601:    case adventurer:
        4:  602:      return 6;
        -:  603:    case council_room:
    #####:  604:      return 5;
        -:  605:    case feast:
    #####:  606:      return 4;
        -:  607:    case gardens:
    #####:  608:      return 4;
        -:  609:    case mine:
    #####:  610:      return 5;
        -:  611:    case remodel:
    #####:  612:      return 4;
        -:  613:    case smithy:
        4:  614:      return 4;
        -:  615:    case village:
    #####:  616:      return 3;
        -:  617:    case baron:
    #####:  618:      return 4;
        -:  619:    case great_hall:
    #####:  620:      return 3;
        -:  621:    case minion:
    #####:  622:      return 5;
        -:  623:    case steward:
    #####:  624:      return 3;
        -:  625:    case tribute:
    #####:  626:      return 5;
        -:  627:    case ambassador:
    #####:  628:      return 3;
        -:  629:    case cutpurse:
    #####:  630:      return 4;
        -:  631:    case embargo: 
    #####:  632:      return 2;
        -:  633:    case outpost:
    #####:  634:      return 5;
        -:  635:    case salvager:
    #####:  636:      return 4;
        -:  637:    case sea_hag:
    #####:  638:      return 4;
        -:  639:    case treasure_map:
    #####:  640:      return 4;
        -:  641:    }
        -:  642:	
    #####:  643:  return -1;
        -:  644:}
        -:  645:
function playAdventurer called 362172 returned 100% blocks executed 100%
   362172:  646:int playAdventurer(struct gameState *state, int currentPlayer)
        -:  647:{
   362172:  648:	int z = 0;
   362172:  649:	int drawntreasure=0;
        -:  650:	int cardDrawn;
        -:  651:	int temphand[MAX_HAND];
  7483163:  652:	while(drawntreasure<2){
branch  0 taken 95%
branch  1 taken 5% (fallthrough)
  6758819:  653:               if (state->deckCount[currentPlayer] <1){//if the deck is empty we need to shuffle discard and add to deck
branch  0 taken 1% (fallthrough)
branch  1 taken 99%
    26313:  654:                        shuffle(currentPlayer, state);
call    0 returned 100%
        -:  655:                }
  6758819:  656:		drawCard(currentPlayer, state);
call    0 returned 100%
  6758819:  657:		cardDrawn = state->hand[currentPlayer][state->handCount[currentPlayer]-1];//top card of hand is most recently drawn card.
  6758819:  658:		if (cardDrawn == copper || cardDrawn == silver || cardDrawn == gold){
branch  0 taken 96% (fallthrough)
branch  1 taken 4%
branch  2 taken 96% (fallthrough)
branch  3 taken 4%
branch  4 taken 4% (fallthrough)
branch  5 taken 96%
   724332:  659:	  	    drawntreasure++;
   724332:  660:		    temphand[z]=cardDrawn;
   724332:  661:		    z++;
        -:  662:		}
        -:  663:		else{
  6034487:  664:	  	    temphand[z]=cardDrawn;
  6034487:  665:	  	    state->handCount[currentPlayer]--; //this should just remove the top card (the most recently drawn one).
  6034487:  666:	  	    z++;
        -:  667:		}
        -:  668:        }
  7483163:  669:        while(z-1>=0){
branch  0 taken 95%
branch  1 taken 5% (fallthrough)
  6758819:  670:	    state->discard[currentPlayer][state->discardCount[currentPlayer]++]=temphand[z-1]; // discard all cards in play that have been drawn
  6758819:  671:	    z=z-1;
        -:  672:        }
   362172:  673:        return 0;
        -:  674:			
        -:  675:
        -:  676:}
        -:  677:
function playSmithy called 11 returned 100% blocks executed 100%
       11:  678:int playSmithy(int currentPlayer, struct gameState *state)
        -:  679:{
        -:  680://+3 Cards
        -:  681:    int i;
       44:  682:    for (i = 0; i < 3; i++)
branch  0 taken 75%
branch  1 taken 25% (fallthrough)
        -:  683:    {
       33:  684:        drawCard(currentPlayer, state);
call    0 returned 100%
        -:  685:    }
        -:  686:
       11:  687:    return 0;
        -:  688:}
        -:  689:
function playVillage called 6 returned 100% blocks executed 100%
        6:  690:int playVillage(int currentPlayer, struct gameState *state, int handPos)
        -:  691:{
        6:  692:    drawCard(currentPlayer, state);
call    0 returned 100%
        -:  693:
        -:  694://2 Actions
        6:  695:    state->numActions = state->numActions + 3;
        -:  696:
        6:  697:    return 0;
        -:  698:}
        -:  699:
function playSteward called 50230 returned 100% blocks executed 100%
    50230:  700:int playSteward(int currentPlayer, struct gameState *state, int choice1, int choice2, int choice3, int handPos)
        -:  701:{
        -:  702:
    50230:  703:    if (choice1 == 1)
branch  0 taken 25% (fallthrough)
branch  1 taken 75%
        -:  704:    {
        -:  705:    //+2 cards
    12514:  706:        drawCard(currentPlayer, state);
call    0 returned 100%
    12514:  707:        drawCard(currentPlayer, state);
call    0 returned 100%
        -:  708:    }
        -:  709:    else
        -:  710:    {
        -:  711:    //trash 2 cards in hand
    37716:  712:        discardCard(choice2, currentPlayer, state, 1);
call    0 returned 100%
    37716:  713:        discardCard(choice3, currentPlayer, state, 1);
call    0 returned 100%
        -:  714:    }
        -:  715:
        -:  716:    //discard card from hand
    50230:  717:    discardCard(handPos, currentPlayer, state, 0);
call    0 returned 100%
    50230:  718:    return 0;
        -:  719:
        -:  720:}
        -:  721:
function playGreat_hall called 6 returned 100% blocks executed 100%
        6:  722:int playGreat_hall(int currentPlayer, struct gameState *state, int handPos){
        -:  723:      //+1 Card
        6:  724:      drawCard(currentPlayer, state);
call    0 returned 100%
        -:  725:      //+1 Actions
        6:  726:      state->numActions++;
        -:  727:
        -:  728:      //discard card from hand
        6:  729:      discardCard(handPos, currentPlayer, state, 0);
call    0 returned 100%
        6:  730:      return 0;
        -:  731:}
        -:  732:
function cardEffect called 315079 returned 100% blocks executed 8%
   315079:  733:int cardEffect(int card, int choice1, int choice2, int choice3, struct gameState *state, int handPos, int *bonus)
        -:  734:{
        -:  735:  int i;
        -:  736:  int j;
        -:  737:  int k;
        -:  738:  int x;
        -:  739:  int index;
   315079:  740:  int currentPlayer = whoseTurn(state);
call    0 returned 100%
   315079:  741:  int nextPlayer = currentPlayer + 1;
        -:  742:
   315079:  743:  int tributeRevealedCards[2] = {-1, -1};
        -:  744:  int temphand[MAX_HAND];// moved above the if statement
   315079:  745:  int drawntreasure=0;
   315079:  746:  int z = 0;// this is the counter for the temp hand
   315079:  747:  if (nextPlayer > (state->numPlayers - 1)){
branch  0 taken 61% (fallthrough)
branch  1 taken 39%
   191740:  748:    nextPlayer = 0;
        -:  749:  }
        -:  750:  
        -:  751:	
        -:  752:  //uses switch to select card and perform actions
   315079:  753:  switch( card ) 
branch  0 taken 1%
branch  1 taken 99%
branch  2 taken 0%
branch  3 taken 0%
branch  4 taken 0%
branch  5 taken 0%
branch  6 taken 1%
branch  7 taken 0%
branch  8 taken 0%
branch  9 taken 0%
branch 10 taken 0%
branch 11 taken 0%
branch 12 taken 0%
branch 13 taken 0%
branch 14 taken 0%
branch 15 taken 0%
branch 16 taken 0%
branch 17 taken 0%
branch 18 taken 0%
branch 19 taken 0%
branch 20 taken 0%
        -:  754:    {
        -:  755:    case adventurer:
        4:  756:	return playAdventurer(state, currentPlayer);
call    0 returned 100%
        -:  757:			
        -:  758:    case council_room:
        -:  759:      //+4 Cards
  1575350:  760:      for (i = 0; i < 4; i++)
branch  0 taken 80%
branch  1 taken 20% (fallthrough)
        -:  761:	{
  1260280:  762:	  drawCard(currentPlayer, state);
call    0 returned 100%
        -:  763:	}
        -:  764:			
        -:  765:      //+1 Buy
   315070:  766:      state->numBuys++;
        -:  767:			
        -:  768:      //Each other player draws a card
   946061:  769:      for (i = 0; i < state->numPlayers; i++)
branch  0 taken 67%
branch  1 taken 33% (fallthrough)
        -:  770:	{
   630991:  771:	  if ( i != currentPlayer )
branch  0 taken 50% (fallthrough)
branch  1 taken 50%
        -:  772:	    {
   315921:  773:	      drawCard(i, state);
call    0 returned 100%
        -:  774:	    }
        -:  775:	}
        -:  776:			
        -:  777:      //put played card in played card pile
   315070:  778:      discardCard(handPos, currentPlayer, state, 0);
call    0 returned 100%
        -:  779:			
   315070:  780:      return 0;
        -:  781:			
        -:  782:    case feast:
        -:  783:      //gain card with cost up to 5
        -:  784:      //Backup hand
    #####:  785:      for (i = 0; i <= state->handCount[currentPlayer]; i++){
branch  0 never executed
branch  1 never executed
    #####:  786:	temphand[i] = state->hand[currentPlayer][i];//Backup card
    #####:  787:	state->hand[currentPlayer][i] = -1;//Set to nothing
        -:  788:      }
        -:  789:      //Backup hand
        -:  790:
        -:  791:      //Update Coins for Buy
    #####:  792:      updateCoins(currentPlayer, state, 5);
call    0 never executed
    #####:  793:      x = 1;//Condition to loop on
    #####:  794:      while( x == 1) {//Buy one card
branch  0 never executed
branch  1 never executed
    #####:  795:	if (supplyCount(choice1, state) <= 0){
call    0 never executed
branch  1 never executed
branch  2 never executed
        -:  796:	  if (DEBUG)
        -:  797:	    printf("None of that card left, sorry!\n");
        -:  798:
        -:  799:	  if (DEBUG){
        -:  800:	    printf("Cards Left: %d\n", supplyCount(choice1, state));
        -:  801:	  }
        -:  802:	}
    #####:  803:	else if (state->coins < getCost(choice1)){
call    0 never executed
branch  1 never executed
branch  2 never executed
    #####:  804:	  printf("That card is too expensive!\n");
call    0 never executed
        -:  805:
        -:  806:	  if (DEBUG){
        -:  807:	    printf("Coins: %d < %d\n", state->coins, getCost(choice1));
        -:  808:	  }
        -:  809:	}
        -:  810:	else{
        -:  811:
        -:  812:	  if (DEBUG){
        -:  813:	    printf("Deck Count: %d\n", state->handCount[currentPlayer] + state->deckCount[currentPlayer] + state->discardCount[currentPlayer]);
        -:  814:	  }
        -:  815:
    #####:  816:	  gainCard(choice1, state, 0, currentPlayer);//Gain the card
call    0 never executed
    #####:  817:	  x = 0;//No more buying cards
        -:  818:
        -:  819:	  if (DEBUG){
        -:  820:	    printf("Deck Count: %d\n", state->handCount[currentPlayer] + state->deckCount[currentPlayer] + state->discardCount[currentPlayer]);
        -:  821:	  }
        -:  822:
        -:  823:	}
        -:  824:      }     
        -:  825:
        -:  826:      //Reset Hand
    #####:  827:      for (i = 0; i <= state->handCount[currentPlayer]; i++){
branch  0 never executed
branch  1 never executed
    #####:  828:	state->hand[currentPlayer][i] = temphand[i];
    #####:  829:	temphand[i] = -1;
        -:  830:      }
        -:  831:      //Reset Hand
        -:  832:      			
    #####:  833:      return 0;
        -:  834:			
        -:  835:    case gardens:
    #####:  836:      return -1;
        -:  837:			
        -:  838:    case mine:
    #####:  839:      j = state->hand[currentPlayer][choice1];  //store card we will trash
        -:  840:
    #####:  841:      if (state->hand[currentPlayer][choice1] < copper || state->hand[currentPlayer][choice1] > gold)
branch  0 never executed
branch  1 never executed
branch  2 never executed
branch  3 never executed
        -:  842:	{
    #####:  843:	  return -1;
        -:  844:	}
        -:  845:		
    #####:  846:      if (choice2 > treasure_map || choice2 < curse)
branch  0 never executed
branch  1 never executed
branch  2 never executed
branch  3 never executed
        -:  847:	{
    #####:  848:	  return -1;
        -:  849:	}
        -:  850:
    #####:  851:      if ( (getCost(state->hand[currentPlayer][choice1]) + 3) > getCost(choice2) )
call    0 never executed
call    1 never executed
branch  2 never executed
branch  3 never executed
        -:  852:	{
    #####:  853:	  return -1;
        -:  854:	}
        -:  855:
    #####:  856:      gainCard(choice2, state, 2, currentPlayer);
call    0 never executed
        -:  857:
        -:  858:      //discard card from hand
    #####:  859:      discardCard(handPos, currentPlayer, state, 0);
call    0 never executed
        -:  860:
        -:  861:      //discard trashed card
    #####:  862:      for (i = 0; i < state->handCount[currentPlayer]; i++)
branch  0 never executed
branch  1 never executed
        -:  863:	{
    #####:  864:	  if (state->hand[currentPlayer][i] == j)
branch  0 never executed
branch  1 never executed
        -:  865:	    {
    #####:  866:	      discardCard(i, currentPlayer, state, 0);			
call    0 never executed
    #####:  867:	      break;
        -:  868:	    }
        -:  869:	}
        -:  870:			
    #####:  871:      return 0;
        -:  872:			
        -:  873:    case remodel:
    #####:  874:      j = state->hand[currentPlayer][choice1];  //store card we will trash
        -:  875:
    #####:  876:      if ( (getCost(state->hand[currentPlayer][choice1]) + 2) > getCost(choice2) )
call    0 never executed
call    1 never executed
branch  2 never executed
branch  3 never executed
        -:  877:	{
    #####:  878:	  return -1;
        -:  879:	}
        -:  880:
    #####:  881:      gainCard(choice2, state, 0, currentPlayer);
call    0 never executed
        -:  882:
        -:  883:      //discard card from hand
    #####:  884:      discardCard(handPos, currentPlayer, state, 0);
call    0 never executed
        -:  885:
        -:  886:      //discard trashed card
    #####:  887:      for (i = 0; i < state->handCount[currentPlayer]; i++)
branch  0 never executed
branch  1 never executed
        -:  888:	{
    #####:  889:	  if (state->hand[currentPlayer][i] == j)
branch  0 never executed
branch  1 never executed
        -:  890:	    {
    #####:  891:	      discardCard(i, currentPlayer, state, 0);			
call    0 never executed
    #####:  892:	      break;
        -:  893:	    }
        -:  894:	}
        -:  895:
        -:  896:
    #####:  897:      return 0;
        -:  898:		
        -:  899:    case smithy:
        5:  900:	return playSmithy(currentPlayer, state);
call    0 returned 100%
        -:  901:		
        -:  902:    case village:
    #####:  903:	return playVillage(currentPlayer, state, handPos);
call    0 never executed
        -:  904:    
        -:  905:    case baron:
    #####:  906:      state->numBuys++;//Increase buys by 1!
    #####:  907:      if (choice1 > 0){//Boolean true or going to discard an estate
branch  0 never executed
branch  1 never executed
    #####:  908:	int p = 0;//Iterator for hand!
    #####:  909:	int card_not_discarded = 1;//Flag for discard set!
    #####:  910:	while(card_not_discarded){
branch  0 never executed
branch  1 never executed
    #####:  911:	  if (state->hand[currentPlayer][p] == estate){//Found an estate card!
branch  0 never executed
branch  1 never executed
    #####:  912:	    state->coins += 4;//Add 4 coins to the amount of coins
    #####:  913:	    state->discard[currentPlayer][state->discardCount[currentPlayer]] = state->hand[currentPlayer][p];
    #####:  914:	    state->discardCount[currentPlayer]++;
    #####:  915:	    for (;p < state->handCount[currentPlayer]; p++){
branch  0 never executed
branch  1 never executed
    #####:  916:	      state->hand[currentPlayer][p] = state->hand[currentPlayer][p+1];
        -:  917:	    }
    #####:  918:	    state->hand[currentPlayer][state->handCount[currentPlayer]] = -1;
    #####:  919:	    state->handCount[currentPlayer]--;
    #####:  920:	    card_not_discarded = 0;//Exit the loop
        -:  921:	  }
    #####:  922:	  else if (p > state->handCount[currentPlayer]){
branch  0 never executed
branch  1 never executed
        -:  923:	    if(DEBUG) {
        -:  924:	      printf("No estate cards in your hand, invalid choice\n");
        -:  925:	      printf("Must gain an estate if there are any\n");
        -:  926:	    }
    #####:  927:	    if (supplyCount(estate, state) > 0){
call    0 never executed
branch  1 never executed
branch  2 never executed
    #####:  928:	      gainCard(estate, state, 0, currentPlayer);
call    0 never executed
    #####:  929:	      state->supplyCount[estate]--;//Decrement estates
    #####:  930:	      if (supplyCount(estate, state) == 0){
call    0 never executed
branch  1 never executed
branch  2 never executed
    #####:  931:		isGameOver(state);
call    0 never executed
        -:  932:	      }
        -:  933:	    }
    #####:  934:	    card_not_discarded = 0;//Exit the loop
        -:  935:	  }
        -:  936:			    
        -:  937:	  else{
    #####:  938:	    p++;//Next card
        -:  939:	  }
        -:  940:	}
        -:  941:      }
        -:  942:			    
        -:  943:      else{
    #####:  944:	if (supplyCount(estate, state) > 0){
call    0 never executed
branch  1 never executed
branch  2 never executed
    #####:  945:	  gainCard(estate, state, 0, currentPlayer);//Gain an estate
call    0 never executed
    #####:  946:	  state->supplyCount[estate]--;//Decrement Estates
    #####:  947:	  if (supplyCount(estate, state) == 0){
call    0 never executed
branch  1 never executed
branch  2 never executed
    #####:  948:	    isGameOver(state);
call    0 never executed
        -:  949:	  }
        -:  950:	}
        -:  951:      }
        -:  952:	    
        -:  953:      
    #####:  954:      return 0;
        -:  955:		
        -:  956:    case great_hall:
    #####:  957:	return playGreat_hall(currentPlayer, state, handPos);
call    0 never executed
        -:  958:		
        -:  959:    case minion:
        -:  960:      //+1 action
    #####:  961:      state->numActions++;
        -:  962:			
        -:  963:      //discard card from hand
    #####:  964:      discardCard(handPos, currentPlayer, state, 0);
call    0 never executed
        -:  965:			
    #####:  966:      if (choice1)		//+2 coins
branch  0 never executed
branch  1 never executed
        -:  967:	{
    #####:  968:	  state->coins = state->coins + 2;
        -:  969:	}
        -:  970:			
    #####:  971:      else if (choice2)		//discard hand, redraw 4, other players with 5+ cards discard hand and draw 4
branch  0 never executed
branch  1 never executed
        -:  972:	{
        -:  973:	  //discard hand
    #####:  974:	  while(numHandCards(state) > 0)
call    0 never executed
branch  1 never executed
branch  2 never executed
        -:  975:	    {
    #####:  976:	      discardCard(handPos, currentPlayer, state, 0);
call    0 never executed
        -:  977:	    }
        -:  978:				
        -:  979:	  //draw 4
    #####:  980:	  for (i = 0; i < 4; i++)
branch  0 never executed
branch  1 never executed
        -:  981:	    {
    #####:  982:	      drawCard(currentPlayer, state);
call    0 never executed
        -:  983:	    }
        -:  984:				
        -:  985:	  //other players discard hand and redraw if hand size > 4
    #####:  986:	  for (i = 0; i < state->numPlayers; i++)
branch  0 never executed
branch  1 never executed
        -:  987:	    {
    #####:  988:	      if (i != currentPlayer)
branch  0 never executed
branch  1 never executed
        -:  989:		{
    #####:  990:		  if ( state->handCount[i] > 4 )
branch  0 never executed
branch  1 never executed
        -:  991:		    {
        -:  992:		      //discard hand
    #####:  993:		      while( state->handCount[i] > 0 )
branch  0 never executed
branch  1 never executed
        -:  994:			{
    #####:  995:			  discardCard(handPos, i, state, 0);
call    0 never executed
        -:  996:			}
        -:  997:							
        -:  998:		      //draw 4
    #####:  999:		      for (j = 0; j < 4; j++)
branch  0 never executed
branch  1 never executed
        -: 1000:			{
    #####: 1001:			  drawCard(i, state);
call    0 never executed
        -: 1002:			}
        -: 1003:		    }
        -: 1004:		}
        -: 1005:	    }
        -: 1006:				
        -: 1007:	}
    #####: 1008:      return 0;
        -: 1009:		
        -: 1010:    case steward:
    #####: 1011:	return playSteward(currentPlayer, state, choice1, choice2, choice3, handPos);
call    0 never executed
        -: 1012:		
        -: 1013:    case tribute:
    #####: 1014:      if ((state->discardCount[nextPlayer] + state->deckCount[nextPlayer]) <= 1){
branch  0 never executed
branch  1 never executed
    #####: 1015:	if (state->deckCount[nextPlayer] > 0){
branch  0 never executed
branch  1 never executed
    #####: 1016:	  tributeRevealedCards[0] = state->deck[nextPlayer][state->deckCount[nextPlayer]-1];
    #####: 1017:	  state->deckCount[nextPlayer]--;
        -: 1018:	}
    #####: 1019:	else if (state->discardCount[nextPlayer] > 0){
branch  0 never executed
branch  1 never executed
    #####: 1020:	  tributeRevealedCards[0] = state->discard[nextPlayer][state->discardCount[nextPlayer]-1];
    #####: 1021:	  state->discardCount[nextPlayer]--;
        -: 1022:	}
        -: 1023:	else{
        -: 1024:	  //No Card to Reveal
        -: 1025:	  if (DEBUG){
        -: 1026:	    printf("No cards to reveal\n");
        -: 1027:	  }
        -: 1028:	}
        -: 1029:      }
        -: 1030:	    
        -: 1031:      else{
    #####: 1032:	if (state->deckCount[nextPlayer] == 0){
branch  0 never executed
branch  1 never executed
    #####: 1033:	  for (i = 0; i < state->discardCount[nextPlayer]; i++){
branch  0 never executed
branch  1 never executed
    #####: 1034:	    state->deck[nextPlayer][i] = state->discard[nextPlayer][i];//Move to deck
    #####: 1035:	    state->deckCount[nextPlayer]++;
    #####: 1036:	    state->discard[nextPlayer][i] = -1;
    #####: 1037:	    state->discardCount[nextPlayer]--;
        -: 1038:	  }
        -: 1039:			    
    #####: 1040:	  shuffle(nextPlayer,state);//Shuffle the deck
call    0 never executed
        -: 1041:	} 
    #####: 1042:	tributeRevealedCards[0] = state->deck[nextPlayer][state->deckCount[nextPlayer]-1];
    #####: 1043:	state->deck[nextPlayer][state->deckCount[nextPlayer]--] = -1;
    #####: 1044:	state->deckCount[nextPlayer]--;
    #####: 1045:	tributeRevealedCards[1] = state->deck[nextPlayer][state->deckCount[nextPlayer]-1];
    #####: 1046:	state->deck[nextPlayer][state->deckCount[nextPlayer]--] = -1;
    #####: 1047:	state->deckCount[nextPlayer]--;
        -: 1048:      }    
        -: 1049:		       
    #####: 1050:      if (tributeRevealedCards[0] == tributeRevealedCards[1]){//If we have a duplicate card, just drop one 
branch  0 never executed
branch  1 never executed
    #####: 1051:	state->playedCards[state->playedCardCount] = tributeRevealedCards[1];
    #####: 1052:	state->playedCardCount++;
    #####: 1053:	tributeRevealedCards[1] = -1;
        -: 1054:      }
        -: 1055:
    #####: 1056:      for (i = 0; i <= 2; i ++){
branch  0 never executed
branch  1 never executed
    #####: 1057:	if (tributeRevealedCards[i] == copper || tributeRevealedCards[i] == silver || tributeRevealedCards[i] == gold){//Treasure cards
branch  0 never executed
branch  1 never executed
branch  2 never executed
branch  3 never executed
branch  4 never executed
branch  5 never executed
    #####: 1058:	  state->coins += 2;
        -: 1059:	}
        -: 1060:		    
    #####: 1061:	else if (tributeRevealedCards[i] == estate || tributeRevealedCards[i] == duchy || tributeRevealedCards[i] == province || tributeRevealedCards[i] == gardens || tributeRevealedCards[i] == great_hall){//Victory Card Found
branch  0 never executed
branch  1 never executed
branch  2 never executed
branch  3 never executed
branch  4 never executed
branch  5 never executed
branch  6 never executed
branch  7 never executed
branch  8 never executed
branch  9 never executed
    #####: 1062:	  drawCard(currentPlayer, state);
call    0 never executed
    #####: 1063:	  drawCard(currentPlayer, state);
call    0 never executed
        -: 1064:	}
        -: 1065:	else{//Action Card
    #####: 1066:	  state->numActions = state->numActions + 2;
        -: 1067:	}
        -: 1068:      }
        -: 1069:	    
    #####: 1070:      return 0;
        -: 1071:		
        -: 1072:    case ambassador:
    #####: 1073:      j = 0;		//used to check if player has enough cards to discard
        -: 1074:
    #####: 1075:      if (choice2 > 2 || choice2 < 0)
branch  0 never executed
branch  1 never executed
branch  2 never executed
branch  3 never executed
        -: 1076:	{
    #####: 1077:	  return -1;				
        -: 1078:	}
        -: 1079:
    #####: 1080:      if (choice1 == handPos)
branch  0 never executed
branch  1 never executed
        -: 1081:	{
    #####: 1082:	  return -1;
        -: 1083:	}
        -: 1084:
    #####: 1085:      for (i = 0; i < state->handCount[currentPlayer]; i++)
branch  0 never executed
branch  1 never executed
        -: 1086:	{
    #####: 1087:	  if (i != handPos && i == state->hand[currentPlayer][choice1] && i != choice1)
branch  0 never executed
branch  1 never executed
branch  2 never executed
branch  3 never executed
branch  4 never executed
branch  5 never executed
        -: 1088:	    {
    #####: 1089:	      j++;
        -: 1090:	    }
        -: 1091:	}
    #####: 1092:      if (j < choice2)
branch  0 never executed
branch  1 never executed
        -: 1093:	{
    #####: 1094:	  return -1;				
        -: 1095:	}
        -: 1096:
        -: 1097:      if (DEBUG) 
        -: 1098:	printf("Player %d reveals card number: %d\n", currentPlayer, state->hand[currentPlayer][choice1]);
        -: 1099:
        -: 1100:      //increase supply count for choosen card by amount being discarded
    #####: 1101:      state->supplyCount[state->hand[currentPlayer][choice1]] += choice2;
        -: 1102:			
        -: 1103:      //each other player gains a copy of revealed card
    #####: 1104:      for (i = 0; i < state->numPlayers; i++)
branch  0 never executed
branch  1 never executed
        -: 1105:	{
    #####: 1106:	  if (i != currentPlayer)
branch  0 never executed
branch  1 never executed
        -: 1107:	    {
    #####: 1108:	      gainCard(state->hand[currentPlayer][choice1], state, 0, i);
call    0 never executed
        -: 1109:	    }
        -: 1110:	}
        -: 1111:
        -: 1112:      //discard played card from hand
    #####: 1113:      discardCard(handPos, currentPlayer, state, 0);			
call    0 never executed
        -: 1114:
        -: 1115:      //trash copies of cards returned to supply
    #####: 1116:      for (j = 0; j < choice2; j++)
branch  0 never executed
branch  1 never executed
        -: 1117:	{
    #####: 1118:	  for (i = 0; i < state->handCount[currentPlayer]; i++)
branch  0 never executed
branch  1 never executed
        -: 1119:	    {
    #####: 1120:	      if (state->hand[currentPlayer][i] == state->hand[currentPlayer][choice1])
branch  0 never executed
branch  1 never executed
        -: 1121:		{
    #####: 1122:		  discardCard(i, currentPlayer, state, 1);
call    0 never executed
    #####: 1123:		  break;
        -: 1124:		}
        -: 1125:	    }
        -: 1126:	}			
        -: 1127:
    #####: 1128:      return 0;
        -: 1129:		
        -: 1130:    case cutpurse:
        -: 1131:
    #####: 1132:      updateCoins(currentPlayer, state, 2);
call    0 never executed
    #####: 1133:      for (i = 0; i < state->numPlayers; i++)
branch  0 never executed
branch  1 never executed
        -: 1134:	{
    #####: 1135:	  if (i != currentPlayer)
branch  0 never executed
branch  1 never executed
        -: 1136:	    {
    #####: 1137:	      for (j = 0; j < state->handCount[i]; j++)
branch  0 never executed
branch  1 never executed
        -: 1138:		{
    #####: 1139:		  if (state->hand[i][j] == copper)
branch  0 never executed
branch  1 never executed
        -: 1140:		    {
    #####: 1141:		      discardCard(j, i, state, 0);
call    0 never executed
    #####: 1142:		      break;
        -: 1143:		    }
    #####: 1144:		  if (j == state->handCount[i])
branch  0 never executed
branch  1 never executed
        -: 1145:		    {
    #####: 1146:		      for (k = 0; k < state->handCount[i]; k++)
branch  0 never executed
branch  1 never executed
        -: 1147:			{
        -: 1148:			  if (DEBUG)
        -: 1149:			    printf("Player %d reveals card number %d\n", i, state->hand[i][k]);
        -: 1150:			}	
    #####: 1151:		      break;
        -: 1152:		    }		
        -: 1153:		}
        -: 1154:					
        -: 1155:	    }
        -: 1156:				
        -: 1157:	}				
        -: 1158:
        -: 1159:      //discard played card from hand
    #####: 1160:      discardCard(handPos, currentPlayer, state, 0);			
call    0 never executed
        -: 1161:
    #####: 1162:      return 0;
        -: 1163:
        -: 1164:		
        -: 1165:    case embargo: 
        -: 1166:      //+2 Coins
    #####: 1167:      state->coins = state->coins + 2;
        -: 1168:			
        -: 1169:      //see if selected pile is in play
    #####: 1170:      if ( state->supplyCount[choice1] == -1 )
branch  0 never executed
branch  1 never executed
        -: 1171:	{
    #####: 1172:	  return -1;
        -: 1173:	}
        -: 1174:			
        -: 1175:      //add embargo token to selected supply pile
    #####: 1176:      state->embargoTokens[choice1]++;
        -: 1177:			
        -: 1178:      //trash card
    #####: 1179:      discardCard(handPos, currentPlayer, state, 1);		
call    0 never executed
    #####: 1180:      return 0;
        -: 1181:		
        -: 1182:    case outpost:
        -: 1183:      //set outpost flag
    #####: 1184:      state->outpostPlayed++;
        -: 1185:			
        -: 1186:      //discard card
    #####: 1187:      discardCard(handPos, currentPlayer, state, 0);
call    0 never executed
    #####: 1188:      return 0;
        -: 1189:		
        -: 1190:    case salvager:
        -: 1191:      //+1 buy
    #####: 1192:      state->numBuys++;
        -: 1193:			
    #####: 1194:      if (choice1)
branch  0 never executed
branch  1 never executed
        -: 1195:	{
        -: 1196:	  //gain coins equal to trashed card
    #####: 1197:	  state->coins = state->coins + getCost( handCard(choice1, state) );
call    0 never executed
call    1 never executed
        -: 1198:	  //trash card
    #####: 1199:	  discardCard(choice1, currentPlayer, state, 1);	
call    0 never executed
        -: 1200:	}
        -: 1201:			
        -: 1202:      //discard card
    #####: 1203:      discardCard(handPos, currentPlayer, state, 0);
call    0 never executed
    #####: 1204:      return 0;
        -: 1205:		
        -: 1206:    case sea_hag:
    #####: 1207:      for (i = 0; i < state->numPlayers; i++){
branch  0 never executed
branch  1 never executed
    #####: 1208:	if (i != currentPlayer){
branch  0 never executed
branch  1 never executed
    #####: 1209:	  state->discard[i][state->discardCount[i]] = state->deck[i][state->deckCount[i]--];			    state->deckCount[i]--;
    #####: 1210:	  state->discardCount[i]++;
    #####: 1211:	  state->deck[i][state->deckCount[i]--] = curse;//Top card now a curse
        -: 1212:	}
        -: 1213:      }
    #####: 1214:      return 0;
        -: 1215:		
        -: 1216:    case treasure_map:
        -: 1217:      //search hand for another treasure_map
    #####: 1218:      index = -1;
    #####: 1219:      for (i = 0; i < state->handCount[currentPlayer]; i++)
branch  0 never executed
branch  1 never executed
        -: 1220:	{
    #####: 1221:	  if (state->hand[currentPlayer][i] == treasure_map && i != handPos)
branch  0 never executed
branch  1 never executed
branch  2 never executed
branch  3 never executed
        -: 1222:	    {
    #####: 1223:	      index = i;
    #####: 1224:	      break;
        -: 1225:	    }
        -: 1226:	}
    #####: 1227:      if (index > -1)
branch  0 never executed
branch  1 never executed
        -: 1228:	{
        -: 1229:	  //trash both treasure cards
    #####: 1230:	  discardCard(handPos, currentPlayer, state, 1);
call    0 never executed
    #####: 1231:	  discardCard(index, currentPlayer, state, 1);
call    0 never executed
        -: 1232:
        -: 1233:	  //gain 4 Gold cards
    #####: 1234:	  for (i = 0; i < 4; i++)
branch  0 never executed
branch  1 never executed
        -: 1235:	    {
    #####: 1236:	      gainCard(gold, state, 1, currentPlayer);
call    0 never executed
        -: 1237:	    }
        -: 1238:				
        -: 1239:	  //return success
    #####: 1240:	  return 1;
        -: 1241:	}
        -: 1242:			
        -: 1243:      //no second treasure_map found in hand
    #####: 1244:      return -1;
        -: 1245:    }
        -: 1246:	
    #####: 1247:  return -1;
        -: 1248:}
        -: 1249:
function discardCard called 541306 returned 100% blocks executed 100%
   541306: 1250:int discardCard(int handPos, int currentPlayer, struct gameState *state, int trashFlag)
        -: 1251:{
        -: 1252:	
        -: 1253:  //if card is not trashed, added to Played pile 
   541306: 1254:  if (trashFlag < 1)
branch  0 taken 77% (fallthrough)
branch  1 taken 23%
        -: 1255:    {
        -: 1256:      //add card to played pile
   415458: 1257:      state->playedCards[state->playedCardCount] = state->hand[currentPlayer][handPos]; 
   415458: 1258:      state->playedCardCount++;
        -: 1259:    }
        -: 1260:	
        -: 1261:  //set played card to -1
   541306: 1262:  state->hand[currentPlayer][handPos] = -1;
        -: 1263:	
        -: 1264:  //remove card from player's hand
   541306: 1265:  if ( handPos == (state->handCount[currentPlayer] - 1) ) 	//last card in hand array is played
branch  0 taken 1% (fallthrough)
branch  1 taken 99%
        -: 1266:    {
        -: 1267:      //reduce number of cards in hand
     1110: 1268:      state->handCount[currentPlayer]--;
        -: 1269:    }
   540196: 1270:  else if ( state->handCount[currentPlayer] == 1 ) //only one card in hand
branch  0 taken 1% (fallthrough)
branch  1 taken 99%
        -: 1271:    {
        -: 1272:      //reduce number of cards in hand
      350: 1273:      state->handCount[currentPlayer]--;
        -: 1274:    }
        -: 1275:  else 	
        -: 1276:    {
        -: 1277:      //replace discarded card with last card in hand
   539846: 1278:      state->hand[currentPlayer][handPos] = state->hand[currentPlayer][ (state->handCount[currentPlayer] - 1)];
        -: 1279:      //set last card to -1
   539846: 1280:      state->hand[currentPlayer][state->handCount[currentPlayer] - 1] = -1;
        -: 1281:      //reduce number of cards in hand
   539846: 1282:      state->handCount[currentPlayer]--;
        -: 1283:    }
        -: 1284:	
   541306: 1285:  return 0;
        -: 1286:}
        -: 1287:
function gainCard called 69 returned 100% blocks executed 100%
       69: 1288:int gainCard(int supplyPos, struct gameState *state, int toFlag, int player)
        -: 1289:{
        -: 1290:  //Note: supplyPos is enum of choosen card
        -: 1291:	
        -: 1292:  //check if supply pile is empty (0) or card is not used in game (-1)
       69: 1293:  if ( supplyCount(supplyPos, state) < 1 )
call    0 returned 100%
branch  1 taken 17% (fallthrough)
branch  2 taken 83%
        -: 1294:    {
       12: 1295:      return -1;
        -: 1296:    }
        -: 1297:	
        -: 1298:  //added card for [whoseTurn] current player:
        -: 1299:  // toFlag = 0 : add to discard
        -: 1300:  // toFlag = 1 : add to deck
        -: 1301:  // toFlag = 2 : add to hand
        -: 1302:
       57: 1303:  if (toFlag == 1)
branch  0 taken 11% (fallthrough)
branch  1 taken 89%
        -: 1304:    {
        6: 1305:      state->deck[ player ][ state->deckCount[player] ] = supplyPos;
        6: 1306:      state->deckCount[player]++;
        -: 1307:    }
       51: 1308:  else if (toFlag == 2)
branch  0 taken 12% (fallthrough)
branch  1 taken 88%
        -: 1309:    {
        6: 1310:      state->hand[ player ][ state->handCount[player] ] = supplyPos;
        6: 1311:      state->handCount[player]++;
        -: 1312:    }
        -: 1313:  else
        -: 1314:    {
       45: 1315:      state->discard[player][ state->discardCount[player] ] = supplyPos;
       45: 1316:      state->discardCount[player]++;
        -: 1317:    }
        -: 1318:	
        -: 1319:  //decrease number in supply pile
       57: 1320:  state->supplyCount[supplyPos]--;
        -: 1321:	 
       57: 1322:  return 0;
        -: 1323:}
        -: 1324:
function updateCoins called 50356 returned 100% blocks executed 100%
    50356: 1325:int updateCoins(int player, struct gameState *state, int bonus)
        -: 1326:{
        -: 1327:  int i;
        -: 1328:	
        -: 1329:  //reset coin count
    50356: 1330:  state->coins = 0;
        -: 1331:
        -: 1332:  //add coins for each Treasure card in player's hand
 12627035: 1333:  for (i = 0; i < state->handCount[player]; i++)
branch  0 taken 99%
branch  1 taken 1% (fallthrough)
        -: 1334:    {
 12576679: 1335:      if (state->hand[player][i] == copper)
branch  0 taken 4% (fallthrough)
branch  1 taken 96%
        -: 1336:	{
   448747: 1337:	  state->coins += 1;
        -: 1338:	}
 12127932: 1339:      else if (state->hand[player][i] == silver)
branch  0 taken 4% (fallthrough)
branch  1 taken 96%
        -: 1340:	{
   448168: 1341:	  state->coins += 2;
        -: 1342:	}
 11679764: 1343:      else if (state->hand[player][i] == gold)
branch  0 taken 4% (fallthrough)
branch  1 taken 96%
        -: 1344:	{
   449466: 1345:	  state->coins += 3;
        -: 1346:	}	
        -: 1347:    }	
        -: 1348:
        -: 1349:  //add bonus
    50356: 1350:  state->coins += bonus;
        -: 1351:
    50356: 1352:  return 0;
        -: 1353:}
        -: 1354:
        -: 1355:
        -: 1356://end of dominion.c
        -: 1357:
